Using pre-set license
Built from '2020.3/staging' branch; Version is '2020.3.40f1 (ba48d4efcef1) revision 12208340'; Using compiler version '192528614'; Build Type 'Release'
OS: 'Windows 10  (10.0.19044) 64bit Professional' Language: 'en' Physical Memory: 16321 MB
BatchMode: 1, IsHumanControllingUs: 0, StartBugReporterOnCrash: 0, Is64bit: 1, IsPro: 0

COMMAND LINE ARGUMENTS:
C:\Program Files\Unity\Hub\Editor\2020.3.40f1\Editor\Unity.exe
-adb2
-batchMode
-noUpm
-name
AssetImportWorker0
-projectPath
D:/Github/sudoku-ver2
-logFile
Logs/AssetImportWorker0.log
-srvPort
62831
Successfully changed project path to: D:/Github/sudoku-ver2
D:/Github/sudoku-ver2
Using Asset Import Pipeline V2.
Refreshing native plugins compatible for Editor in 52.03 ms, found 2 plugins.
Preloading 0 native plugins for Editor in 0.00 ms.
Initialize engine version: 2020.3.40f1 (ba48d4efcef1)
[Subsystems] Discovering subsystems at path C:/Program Files/Unity/Hub/Editor/2020.3.40f1/Editor/Data/Resources/UnitySubsystems
[Subsystems] Discovering subsystems at path D:/Github/sudoku-ver2/Assets
GfxDevice: creating device client; threaded=0
Direct3D:
    Version:  Direct3D 11.0 [level 11.1]
    Renderer: Radeon(TM) RX 460 Graphics (ID=0x67ef)
    Vendor:   
    VRAM:     2026 MB
    Driver:   31.0.12027.7000
Initialize mono
Mono path[0] = 'C:/Program Files/Unity/Hub/Editor/2020.3.40f1/Editor/Data/Managed'
Mono path[1] = 'C:/Program Files/Unity/Hub/Editor/2020.3.40f1/Editor/Data/MonoBleedingEdge/lib/mono/unityjit'
Mono config path = 'C:/Program Files/Unity/Hub/Editor/2020.3.40f1/Editor/Data/MonoBleedingEdge/etc'
Using monoOptions --debugger-agent=transport=dt_socket,embedding=1,server=y,suspend=n,address=127.0.0.1:56588
Begin MonoManager ReloadAssembly
Registering precompiled unity dll's ...
Register platform support module: C:/Program Files/Unity/Hub/Editor/2020.3.40f1/Editor/Data/PlaybackEngines/WebGLSupport/UnityEditor.WebGL.Extensions.dll
Register platform support module: C:/Program Files/Unity/Hub/Editor/2020.3.40f1/Editor/Data/PlaybackEngines/WindowsStandaloneSupport/UnityEditor.WindowsStandalone.Extensions.dll
Registered in 0.001793 seconds.
Native extension for WindowsStandalone target not found
Native extension for WebGL target not found
Refreshing native plugins compatible for Editor in 45.31 ms, found 2 plugins.
Preloading 0 native plugins for Editor in 0.00 ms.
Mono: successfully reloaded assembly
- Completed reload, in  0.567 seconds
Domain Reload Profiling:
	ReloadAssembly (568ms)
		BeginReloadAssembly (57ms)
			ExecutionOrderSort (0ms)
			DisableScriptedObjects (0ms)
			BackupInstance (0ms)
			ReleaseScriptingObjects (0ms)
			CreateAndSetChildDomain (1ms)
		EndReloadAssembly (447ms)
			LoadAssemblies (55ms)
			RebuildTransferFunctionScriptingTraits (0ms)
			SetupTypeCache (131ms)
			ReleaseScriptCaches (0ms)
			RebuildScriptCaches (31ms)
			SetupLoadedEditorAssemblies (181ms)
				LogAssemblyErrors (0ms)
				InitializePlatformSupportModulesInManaged (5ms)
				SetLoadedEditorAssemblies (0ms)
				RefreshPlugins (45ms)
				BeforeProcessingInitializeOnLoad (15ms)
				ProcessInitializeOnLoadAttributes (80ms)
				ProcessInitializeOnLoadMethodAttributes (34ms)
				AfterProcessingInitializeOnLoad (0ms)
				EditorAssembliesLoaded (0ms)
			ExecutionOrderSort2 (0ms)
			AwakeInstancesAfterBackupRestoration (0ms)
Platform modules already initialized, skipping
Registering precompiled user dll's ...
Registered in 0.005079 seconds.
Begin MonoManager ReloadAssembly
Native extension for WindowsStandalone target not found
Native extension for WebGL target not found
Refreshing native plugins compatible for Editor in 0.69 ms, found 2 plugins.
Preloading 0 native plugins for Editor in 0.00 ms.
Mono: successfully reloaded assembly
- Completed reload, in  1.115 seconds
Domain Reload Profiling:
	ReloadAssembly (1116ms)
		BeginReloadAssembly (139ms)
			ExecutionOrderSort (0ms)
			DisableScriptedObjects (4ms)
			BackupInstance (0ms)
			ReleaseScriptingObjects (0ms)
			CreateAndSetChildDomain (16ms)
		EndReloadAssembly (922ms)
			LoadAssemblies (96ms)
			RebuildTransferFunctionScriptingTraits (0ms)
			SetupTypeCache (303ms)
			ReleaseScriptCaches (0ms)
			RebuildScriptCaches (53ms)
			SetupLoadedEditorAssemblies (394ms)
				LogAssemblyErrors (0ms)
				InitializePlatformSupportModulesInManaged (5ms)
				SetLoadedEditorAssemblies (1ms)
				RefreshPlugins (1ms)
				BeforeProcessingInitializeOnLoad (100ms)
				ProcessInitializeOnLoadAttributes (209ms)
				ProcessInitializeOnLoadMethodAttributes (73ms)
				AfterProcessingInitializeOnLoad (5ms)
				EditorAssembliesLoaded (0ms)
			ExecutionOrderSort2 (0ms)
			AwakeInstancesAfterBackupRestoration (2ms)
Platform modules already initialized, skipping
========================================================================
Worker process is ready to serve import requests
Launched and connected shader compiler UnityShaderCompiler.exe after 0.03 seconds
Refreshing native plugins compatible for Editor in 0.67 ms, found 2 plugins.
Preloading 0 native plugins for Editor in 0.00 ms.
Unloading 2464 Unused Serialized files (Serialized files now loaded: 0)
System memory in use before: 95.2 MB.
System memory in use after: 95.3 MB.

Unloading 63 unused Assets to reduce memory usage. Loaded Objects now: 2869.
Total: 5.346000 ms (FindLiveObjects: 0.193200 ms CreateObjectMapping: 0.097000 ms MarkObjects: 4.990500 ms  DeleteObjects: 0.064300 ms)

AssetImportParameters requested are different than current active one (requested -> active):
  custom:framework-win-MediaFoundation: 216162199b28c13a410421893ffa2e32 -> 
  custom:video-decoder-ogg-theora: a1e56fd34408186e4bbccfd4996cb3dc -> 
  custom:container-muxer-webm: aa71ff27fc2769a1b78a27578f13a17b -> 
  custom:container-demuxer-webm: 4f35f7cbe854078d1ac9338744f61a02 -> 
  custom:container-demuxer-ogg: 62fdf1f143b41e24485cea50d1cbac27 -> 
  custom:video-encoder-webm-vp8: eb34c28f22e8b96e1ab97ce403110664 -> 
  custom:video-decoder-webm-vp8: 9c59270c3fd7afecdb556c50c9e8de78 -> 
  custom:audio-decoder-ogg-vorbis: bf7c407c2cedff20999df2af8eb42d56 -> 
  custom:audio-encoder-webm-vorbis: bf7c407c2cedff20999df2af8eb42d56 -> 
========================================================================
Received Import Request.
  path: Assets
  artifactKey: Guid(00000000000000001000000000000000) Importer(815301076,1909f56bfc062723c751e8b465ee728b)
Start importing Assets using Guid(00000000000000001000000000000000) Importer(815301076,1909f56bfc062723c751e8b465ee728b)  -> (artifact id: '42d402b061de3733987d63b9cc3b64de') in 0.013354 seconds 
========================================================================
Received Import Request.
  Time since last request: 0.000209 seconds.
  path: Assets/Resources
  artifactKey: Guid(471fd082cc9ad1c4da499a7bfc0a8642) Importer(815301076,1909f56bfc062723c751e8b465ee728b)
Start importing Assets/Resources using Guid(471fd082cc9ad1c4da499a7bfc0a8642) Importer(815301076,1909f56bfc062723c751e8b465ee728b)  -> (artifact id: '1283ea8c6d58d613c95a1bc035d894a3') in 0.004647 seconds 
========================================================================
Received Import Request.
  Time since last request: 2.268937 seconds.
  path: Assets/Font
  artifactKey: Guid(aae8b4d6358aaec449c181e009a23a90) Importer(815301076,1909f56bfc062723c751e8b465ee728b)
Start importing Assets/Font using Guid(aae8b4d6358aaec449c181e009a23a90) Importer(815301076,1909f56bfc062723c751e8b465ee728b)  -> (artifact id: 'df8ad61f8a841ab4284e66db18e7e2dc') in 0.004772 seconds 
========================================================================
Received Import Request.
  Time since last request: 24.214622 seconds.
  path: Assets/Font/bionicle-training-card-font-2-4.ttf
  artifactKey: Guid(8c353cab9b0839c4587e13b4a0ea4de0) Importer(815301076,1909f56bfc062723c751e8b465ee728b)
Start importing Assets/Font/bionicle-training-card-font-2-4.ttf using Guid(8c353cab9b0839c4587e13b4a0ea4de0) Importer(815301076,1909f56bfc062723c751e8b465ee728b)  -> (artifact id: '9a28b247061532878737b46ea4b95a0f') in 0.108331 seconds 
========================================================================
Received Import Request.
  Time since last request: 21.326358 seconds.
  path: Assets/Scene/Game.unity
  artifactKey: Guid(3d56a71f6017249bcb7b05328bd19b16) Importer(815301076,1909f56bfc062723c751e8b465ee728b)
Start importing Assets/Scene/Game.unity using Guid(3d56a71f6017249bcb7b05328bd19b16) Importer(815301076,1909f56bfc062723c751e8b465ee728b)  -> (artifact id: '24c6c5f1205d1dc403cf10d757eb5300') in 0.004958 seconds 
========================================================================
Received Import Request.
  Time since last request: 59.477520 seconds.
  path: Assets/Texture/WinPopupMockup.png
  artifactKey: Guid(4d683799ea4847d4dba94313a54b7c1a) Importer(815301076,1909f56bfc062723c751e8b465ee728b)
Start importing Assets/Texture/WinPopupMockup.png using Guid(4d683799ea4847d4dba94313a54b7c1a) Importer(815301076,1909f56bfc062723c751e8b465ee728b)  -> (artifact id: '181567387519f4315f02583d028717e4') in 0.059248 seconds 
========================================================================
Received Import Request.
  Time since last request: 43.007447 seconds.
  path: Assets/Texture/Layer 2.png
  artifactKey: Guid(d8d649bd150b0244b8ee85097e577283) Importer(815301076,1909f56bfc062723c751e8b465ee728b)
Start importing Assets/Texture/Layer 2.png using Guid(d8d649bd150b0244b8ee85097e577283) Importer(815301076,1909f56bfc062723c751e8b465ee728b)  -> (artifact id: 'e13452bbe9774cffe74f546c0bceea36') in 0.014517 seconds 
========================================================================
Received Import Request.
  Time since last request: 32.233230 seconds.
  path: Assets/Texture/GameScreen/1.png
  artifactKey: Guid(952f8ccbb395f449ca4ee383600cbb42) Importer(815301076,1909f56bfc062723c751e8b465ee728b)
Start importing Assets/Texture/GameScreen/1.png using Guid(952f8ccbb395f449ca4ee383600cbb42) Importer(815301076,1909f56bfc062723c751e8b465ee728b)  -> (artifact id: 'dea4b3d1caf69c632c93e8f277e55c66') in 0.013752 seconds 
========================================================================
Received Import Request.
  Time since last request: 0.000259 seconds.
  path: Assets/Texture/GameScreen/7.png
  artifactKey: Guid(cf4eadd038d194218abc459c7526cfde) Importer(815301076,1909f56bfc062723c751e8b465ee728b)
Start importing Assets/Texture/GameScreen/7.png using Guid(cf4eadd038d194218abc459c7526cfde) Importer(815301076,1909f56bfc062723c751e8b465ee728b)  -> (artifact id: '8d059dce130e8fec1bb98789c3c0f899') in 0.015587 seconds 
========================================================================
Received Import Request.
  Time since last request: 0.000108 seconds.
  path: Assets/Texture/GameScreen/5.png
  artifactKey: Guid(c007c6e50c1f54b8a9cbf4321893b1ef) Importer(815301076,1909f56bfc062723c751e8b465ee728b)
Start importing Assets/Texture/GameScreen/5.png using Guid(c007c6e50c1f54b8a9cbf4321893b1ef) Importer(815301076,1909f56bfc062723c751e8b465ee728b)  -> (artifact id: 'adc659e6915117f4c1d73054765a9f7d') in 0.013168 seconds 
========================================================================
Received Import Request.
  Time since last request: 0.000123 seconds.
  path: Assets/Texture/GameScreen/4.png
  artifactKey: Guid(f2994e50275504b88b1a06364844583d) Importer(815301076,1909f56bfc062723c751e8b465ee728b)
Start importing Assets/Texture/GameScreen/4.png using Guid(f2994e50275504b88b1a06364844583d) Importer(815301076,1909f56bfc062723c751e8b465ee728b)  -> (artifact id: '8c30266972498c05eb0e716a1c05fddc') in 0.014623 seconds 
========================================================================
Received Import Request.
  Time since last request: 0.000114 seconds.
  path: Assets/Texture/GameScreen/6.png
  artifactKey: Guid(4d408addf97fb4b29a443294a4126162) Importer(815301076,1909f56bfc062723c751e8b465ee728b)
Start importing Assets/Texture/GameScreen/6.png using Guid(4d408addf97fb4b29a443294a4126162) Importer(815301076,1909f56bfc062723c751e8b465ee728b)  -> (artifact id: '0d0b911c2d02c4aaf349f9e5160d0f6a') in 0.015115 seconds 
========================================================================
Received Import Request.
  Time since last request: 0.000159 seconds.
  path: Assets/Texture/GameScreen/NotesOn.png
  artifactKey: Guid(3dcddfacc8ae7499187071cab023bbb8) Importer(815301076,1909f56bfc062723c751e8b465ee728b)
Start importing Assets/Texture/GameScreen/NotesOn.png using Guid(3dcddfacc8ae7499187071cab023bbb8) Importer(815301076,1909f56bfc062723c751e8b465ee728b)  -> (artifact id: '80926203b020470189fa022f41938880') in 0.013792 seconds 
========================================================================
Received Import Request.
  Time since last request: 0.000206 seconds.
  path: Assets/Texture/GameScreen/EraseButton.png
  artifactKey: Guid(357f7ccf0b6554d9f8ac2c2d8d6e9f0f) Importer(815301076,1909f56bfc062723c751e8b465ee728b)
Start importing Assets/Texture/GameScreen/EraseButton.png using Guid(357f7ccf0b6554d9f8ac2c2d8d6e9f0f) Importer(815301076,1909f56bfc062723c751e8b465ee728b)  -> (artifact id: '6969fb93bcdf19d39a09d8aa169e5214') in 0.013569 seconds 
========================================================================
Received Import Request.
  Time since last request: 0.000135 seconds.
  path: Assets/Texture/GameScreen/GameSceneOverveiw.png
  artifactKey: Guid(6ebed1631dd774960bc2eaa459964e63) Importer(815301076,1909f56bfc062723c751e8b465ee728b)
Start importing Assets/Texture/GameScreen/GameSceneOverveiw.png using Guid(6ebed1631dd774960bc2eaa459964e63) Importer(815301076,1909f56bfc062723c751e8b465ee728b)  -> (artifact id: 'dae76fd0d4bcd1985a5ed84fab59b242') in 0.032144 seconds 
========================================================================
Received Import Request.
  Time since last request: 0.000143 seconds.
  path: Assets/Texture/GameScreen/3.png
  artifactKey: Guid(052ed44f442bc4ebba8d588d4d4b4066) Importer(815301076,1909f56bfc062723c751e8b465ee728b)
Start importing Assets/Texture/GameScreen/3.png using Guid(052ed44f442bc4ebba8d588d4d4b4066) Importer(815301076,1909f56bfc062723c751e8b465ee728b)  -> (artifact id: '98c2be35e4fd5b2af9f6b893bcc3bc7a') in 0.014539 seconds 
========================================================================
Received Import Request.
  Time since last request: 0.000129 seconds.
  path: Assets/Texture/GameScreen/PauseButton.png
  artifactKey: Guid(89368a6b1f5534f7b8c4cd4443f2b603) Importer(815301076,1909f56bfc062723c751e8b465ee728b)
Start importing Assets/Texture/GameScreen/PauseButton.png using Guid(89368a6b1f5534f7b8c4cd4443f2b603) Importer(815301076,1909f56bfc062723c751e8b465ee728b)  -> (artifact id: 'b9c349d0f1a66c54883ab1e651d454ca') in 0.013512 seconds 
========================================================================
Received Import Request.
  Time since last request: 0.000146 seconds.
  path: Assets/Texture/GameScreen/hourglass.png
  artifactKey: Guid(3e1b056a487df4dee81c14d45db891a4) Importer(815301076,1909f56bfc062723c751e8b465ee728b)
Start importing Assets/Texture/GameScreen/hourglass.png using Guid(3e1b056a487df4dee81c14d45db891a4) Importer(815301076,1909f56bfc062723c751e8b465ee728b)  -> (artifact id: 'b1ea75242af26dac757290c99ad7b5be') in 0.014277 seconds 
========================================================================
Received Import Request.
  Time since last request: 0.000110 seconds.
  path: Assets/Texture/GameScreen/2.png
  artifactKey: Guid(9c402309232b044ca821094f6ebb4ece) Importer(815301076,1909f56bfc062723c751e8b465ee728b)
Start importing Assets/Texture/GameScreen/2.png using Guid(9c402309232b044ca821094f6ebb4ece) Importer(815301076,1909f56bfc062723c751e8b465ee728b)  -> (artifact id: '11bec34a9d0f283171688a8897f7cf66') in 0.013367 seconds 
========================================================================
Received Import Request.
  Time since last request: 0.000110 seconds.
  path: Assets/Texture/GameScreen/BoardBackground.png
  artifactKey: Guid(600451c06d9404c4ca03b1169c189218) Importer(815301076,1909f56bfc062723c751e8b465ee728b)
Start importing Assets/Texture/GameScreen/BoardBackground.png using Guid(600451c06d9404c4ca03b1169c189218) Importer(815301076,1909f56bfc062723c751e8b465ee728b)  -> (artifact id: 'bb71b872adda43fad0c606fe5e8adca6') in 0.025169 seconds 
========================================================================
Received Import Request.
  Time since last request: 0.000107 seconds.
  path: Assets/Texture/GameScreen/X_On.png
  artifactKey: Guid(b5ad6dcaa49c3457786ebee175ef6f53) Importer(815301076,1909f56bfc062723c751e8b465ee728b)
Start importing Assets/Texture/GameScreen/X_On.png using Guid(b5ad6dcaa49c3457786ebee175ef6f53) Importer(815301076,1909f56bfc062723c751e8b465ee728b)  -> (artifact id: '56e56fb3f1ffac588da95feb6d513ffd') in 0.014310 seconds 
========================================================================
Received Import Request.
  Time since last request: 0.000117 seconds.
  path: Assets/Texture/GameScreen/8.png
  artifactKey: Guid(8c969f6b4704d4b328002a4ae54b07d9) Importer(815301076,1909f56bfc062723c751e8b465ee728b)
Start importing Assets/Texture/GameScreen/8.png using Guid(8c969f6b4704d4b328002a4ae54b07d9) Importer(815301076,1909f56bfc062723c751e8b465ee728b)  -> (artifact id: '0d42b466bdd25adc0a1818c4caf8fcb7') in 0.013124 seconds 
========================================================================
Received Import Request.
  Time since last request: 0.000131 seconds.
  path: Assets/Texture/GameScreen/9.png
  artifactKey: Guid(763644cfba5e94c2a836a740c2d0f2d3) Importer(815301076,1909f56bfc062723c751e8b465ee728b)
Start importing Assets/Texture/GameScreen/9.png using Guid(763644cfba5e94c2a836a740c2d0f2d3) Importer(815301076,1909f56bfc062723c751e8b465ee728b)  -> (artifact id: 'e372febd23a02c0b6b846cb331b72eb5') in 0.013627 seconds 
========================================================================
Received Import Request.
  Time since last request: 0.000233 seconds.
  path: Assets/Texture/GameScreen/SmallBackButton.png
  artifactKey: Guid(529fae09a12f6411084c223515caa475) Importer(815301076,1909f56bfc062723c751e8b465ee728b)
Start importing Assets/Texture/GameScreen/SmallBackButton.png using Guid(529fae09a12f6411084c223515caa475) Importer(815301076,1909f56bfc062723c751e8b465ee728b)  -> (artifact id: 'a9bbdf5a778c3f4125d26ba2aa20989c') in 0.014339 seconds 
========================================================================
Received Import Request.
  Time since last request: 0.000204 seconds.
  path: Assets/Texture/GameScreen/NotesOff.png
  artifactKey: Guid(b5f7a11ff6e0b4f4f8a63d58eb4b1a07) Importer(815301076,1909f56bfc062723c751e8b465ee728b)
Start importing Assets/Texture/GameScreen/NotesOff.png using Guid(b5f7a11ff6e0b4f4f8a63d58eb4b1a07) Importer(815301076,1909f56bfc062723c751e8b465ee728b)  -> (artifact id: '3a66bf4bb2a9cc70343a5a83a6bf907d') in 0.013954 seconds 
========================================================================
Received Import Request.
  Time since last request: 0.000178 seconds.
  path: Assets/Texture/GameScreen/Board.png
  artifactKey: Guid(c932611776ecc425498df7f70b0988a3) Importer(815301076,1909f56bfc062723c751e8b465ee728b)
Start importing Assets/Texture/GameScreen/Board.png using Guid(c932611776ecc425498df7f70b0988a3) Importer(815301076,1909f56bfc062723c751e8b465ee728b)  -> (artifact id: '67a2d6c56e24eabc1c927e91fe6956a3') in 0.016533 seconds 
========================================================================
Received Import Request.
  Time since last request: 0.000113 seconds.
  path: Assets/Texture/GameScreen/Rectangle 2.png
  artifactKey: Guid(bc9d6a22c759e4a438854bdceaa3ed9e) Importer(815301076,1909f56bfc062723c751e8b465ee728b)
Start importing Assets/Texture/GameScreen/Rectangle 2.png using Guid(bc9d6a22c759e4a438854bdceaa3ed9e) Importer(815301076,1909f56bfc062723c751e8b465ee728b)  -> (artifact id: 'eced6e42a9186ba1220130425062702d') in 0.013483 seconds 
========================================================================
Received Import Request.
  Time since last request: 0.000129 seconds.
  path: Assets/Texture/GameScreen/X_Off.png
  artifactKey: Guid(42fd62413d4854a56ace8e36e9349265) Importer(815301076,1909f56bfc062723c751e8b465ee728b)
Start importing Assets/Texture/GameScreen/X_Off.png using Guid(42fd62413d4854a56ace8e36e9349265) Importer(815301076,1909f56bfc062723c751e8b465ee728b)  -> (artifact id: '58902680dad2577dd9e4de5f52aebac1') in 0.012972 seconds 
========================================================================
Received Import Request.
  Time since last request: 0.000160 seconds.
  path: Assets/Texture/GameScreen/Timer.png
  artifactKey: Guid(5da984d8b33214a788f113dc3cf32f2e) Importer(815301076,1909f56bfc062723c751e8b465ee728b)
Start importing Assets/Texture/GameScreen/Timer.png using Guid(5da984d8b33214a788f113dc3cf32f2e) Importer(815301076,1909f56bfc062723c751e8b465ee728b)  -> (artifact id: 'b02fe60d0c3898957f5a274808717a9a') in 0.013738 seconds 
========================================================================
Received Import Request.
  Time since last request: 13.289148 seconds.
  path: Assets/Texture/GameScreen/1.png
  artifactKey: Guid(952f8ccbb395f449ca4ee383600cbb42) Importer(815301076,1909f56bfc062723c751e8b465ee728b)
Start importing Assets/Texture/GameScreen/1.png using Guid(952f8ccbb395f449ca4ee383600cbb42) Importer(815301076,1909f56bfc062723c751e8b465ee728b)  -> (artifact id: 'f2bebf47aa17bf0a13346f9461351413') in 0.010434 seconds 
========================================================================
Received Import Request.
  Time since last request: 0.000130 seconds.
  path: Assets/Texture/GameScreen/7.png
  artifactKey: Guid(cf4eadd038d194218abc459c7526cfde) Importer(815301076,1909f56bfc062723c751e8b465ee728b)
Start importing Assets/Texture/GameScreen/7.png using Guid(cf4eadd038d194218abc459c7526cfde) Importer(815301076,1909f56bfc062723c751e8b465ee728b)  -> (artifact id: '5a21ebec48088972c9c286839f5a317a') in 0.010849 seconds 
========================================================================
Received Import Request.
  Time since last request: 0.000133 seconds.
  path: Assets/Texture/GameScreen/5.png
  artifactKey: Guid(c007c6e50c1f54b8a9cbf4321893b1ef) Importer(815301076,1909f56bfc062723c751e8b465ee728b)
Start importing Assets/Texture/GameScreen/5.png using Guid(c007c6e50c1f54b8a9cbf4321893b1ef) Importer(815301076,1909f56bfc062723c751e8b465ee728b)  -> (artifact id: '4e9df75d11bb0a600c11fcda9fe74236') in 0.009832 seconds 
========================================================================
Received Import Request.
  Time since last request: 0.000134 seconds.
  path: Assets/Texture/GameScreen/4.png
  artifactKey: Guid(f2994e50275504b88b1a06364844583d) Importer(815301076,1909f56bfc062723c751e8b465ee728b)
Start importing Assets/Texture/GameScreen/4.png using Guid(f2994e50275504b88b1a06364844583d) Importer(815301076,1909f56bfc062723c751e8b465ee728b)  -> (artifact id: 'cae95f28885f782575c16204bfa661ff') in 0.010050 seconds 
========================================================================
Received Import Request.
  Time since last request: 0.000266 seconds.
  path: Assets/Texture/GameScreen/6.png
  artifactKey: Guid(4d408addf97fb4b29a443294a4126162) Importer(815301076,1909f56bfc062723c751e8b465ee728b)
Start importing Assets/Texture/GameScreen/6.png using Guid(4d408addf97fb4b29a443294a4126162) Importer(815301076,1909f56bfc062723c751e8b465ee728b)  -> (artifact id: '4f9a290781eb875cf668dd1f298e26a7') in 0.012857 seconds 
========================================================================
Received Import Request.
  Time since last request: 0.000178 seconds.
  path: Assets/Texture/GameScreen/3.png
  artifactKey: Guid(052ed44f442bc4ebba8d588d4d4b4066) Importer(815301076,1909f56bfc062723c751e8b465ee728b)
Start importing Assets/Texture/GameScreen/3.png using Guid(052ed44f442bc4ebba8d588d4d4b4066) Importer(815301076,1909f56bfc062723c751e8b465ee728b)  -> (artifact id: '8ad3756745a6224ace2750ec10637ad3') in 0.010030 seconds 
========================================================================
Received Import Request.
  Time since last request: 0.000165 seconds.
  path: Assets/Texture/GameScreen/2.png
  artifactKey: Guid(9c402309232b044ca821094f6ebb4ece) Importer(815301076,1909f56bfc062723c751e8b465ee728b)
Start importing Assets/Texture/GameScreen/2.png using Guid(9c402309232b044ca821094f6ebb4ece) Importer(815301076,1909f56bfc062723c751e8b465ee728b)  -> (artifact id: 'bd12480bd4765f5482ee740fcd2421ea') in 0.010291 seconds 
========================================================================
Received Import Request.
  Time since last request: 0.000122 seconds.
  path: Assets/Texture/GameScreen/8.png
  artifactKey: Guid(8c969f6b4704d4b328002a4ae54b07d9) Importer(815301076,1909f56bfc062723c751e8b465ee728b)
Start importing Assets/Texture/GameScreen/8.png using Guid(8c969f6b4704d4b328002a4ae54b07d9) Importer(815301076,1909f56bfc062723c751e8b465ee728b)  -> (artifact id: '8591c1f3d1f701fb1c2c627192a6fcfa') in 0.010493 seconds 
========================================================================
Received Import Request.
  Time since last request: 0.000141 seconds.
  path: Assets/Texture/GameScreen/9.png
  artifactKey: Guid(763644cfba5e94c2a836a740c2d0f2d3) Importer(815301076,1909f56bfc062723c751e8b465ee728b)
Start importing Assets/Texture/GameScreen/9.png using Guid(763644cfba5e94c2a836a740c2d0f2d3) Importer(815301076,1909f56bfc062723c751e8b465ee728b)  -> (artifact id: 'dd6fc5e05747b1c8301e0ee42869e435') in 0.010070 seconds 
========================================================================
Received Import Request.
  Time since last request: 0.000184 seconds.
  path: Assets/Texture/GameScreen/Layer 2.png
  artifactKey: Guid(54124dad535e3344eb79073ef88f1cd7) Importer(815301076,1909f56bfc062723c751e8b465ee728b)
Start importing Assets/Texture/GameScreen/Layer 2.png using Guid(54124dad535e3344eb79073ef88f1cd7) Importer(815301076,1909f56bfc062723c751e8b465ee728b)  -> (artifact id: 'afc81e2daef666cf034d9415337ec6d2') in 0.010631 seconds 
========================================================================
Received Import Request.
  Time since last request: 102.170828 seconds.
  path: Assets/Scene/Game.unity
  artifactKey: Guid(3d56a71f6017249bcb7b05328bd19b16) Importer(815301076,1909f56bfc062723c751e8b465ee728b)
Start importing Assets/Scene/Game.unity using Guid(3d56a71f6017249bcb7b05328bd19b16) Importer(815301076,1909f56bfc062723c751e8b465ee728b)  -> (artifact id: '636a1c8aed67cd962662f45b2942eee6') in 0.001313 seconds 
========================================================================
Received Import Request.
  Time since last request: 9.036739 seconds.
  path: Assets/Texture/GameOver/Background.png
  artifactKey: Guid(209c2bb67494745d8bf2f5bd94328210) Importer(815301076,1909f56bfc062723c751e8b465ee728b)
Start importing Assets/Texture/GameOver/Background.png using Guid(209c2bb67494745d8bf2f5bd94328210) Importer(815301076,1909f56bfc062723c751e8b465ee728b)  -> (artifact id: '02c37bd701513684dbc23569d90b1f45') in 0.017930 seconds 
========================================================================
Received Import Request.
  Time since last request: 0.000199 seconds.
  path: Assets/Texture/GameOver/GameOverText.png
  artifactKey: Guid(141cb74f1fe1a4d759b97ebcd08ba90c) Importer(815301076,1909f56bfc062723c751e8b465ee728b)
Start importing Assets/Texture/GameOver/GameOverText.png using Guid(141cb74f1fe1a4d759b97ebcd08ba90c) Importer(815301076,1909f56bfc062723c751e8b465ee728b)  -> (artifact id: 'bf21dee667f65dfe927b31b51193f6ea') in 0.018415 seconds 
========================================================================
Received Import Request.
  Time since last request: 0.000231 seconds.
  path: Assets/Texture/GameOver/Icon.png
  artifactKey: Guid(efefaa2b4e8af40c688a286c3d20ba4a) Importer(815301076,1909f56bfc062723c751e8b465ee728b)
Start importing Assets/Texture/GameOver/Icon.png using Guid(efefaa2b4e8af40c688a286c3d20ba4a) Importer(815301076,1909f56bfc062723c751e8b465ee728b)  -> (artifact id: 'bed3f517fc072aa580354cdbf0e819ee') in 0.015735 seconds 
========================================================================
Received Import Request.
  Time since last request: 0.000145 seconds.
  path: Assets/Texture/GameOver/ExitButton.png
  artifactKey: Guid(97ae3c6ce917e4f628a0690cddaa5d07) Importer(815301076,1909f56bfc062723c751e8b465ee728b)
Start importing Assets/Texture/GameOver/ExitButton.png using Guid(97ae3c6ce917e4f628a0690cddaa5d07) Importer(815301076,1909f56bfc062723c751e8b465ee728b)  -> (artifact id: 'b56970440e41a6b44a7a374589fd3410') in 0.014641 seconds 
========================================================================
Received Import Request.
  Time since last request: 0.000148 seconds.
  path: Assets/Texture/GameOver/GameSceneOverview.png
  artifactKey: Guid(6b4f202d3e05546d9866265ed328ac6f) Importer(815301076,1909f56bfc062723c751e8b465ee728b)
Start importing Assets/Texture/GameOver/GameSceneOverview.png using Guid(6b4f202d3e05546d9866265ed328ac6f) Importer(815301076,1909f56bfc062723c751e8b465ee728b)  -> (artifact id: '228c4f682163d44caaa460ddfac0135a') in 0.031502 seconds 
========================================================================
Received Import Request.
  Time since last request: 0.000135 seconds.
  path: Assets/Texture/GameOver/ContinueButtonAd.png
  artifactKey: Guid(cb82a0062c9604076b4aee78c886832a) Importer(815301076,1909f56bfc062723c751e8b465ee728b)
Start importing Assets/Texture/GameOver/ContinueButtonAd.png using Guid(cb82a0062c9604076b4aee78c886832a) Importer(815301076,1909f56bfc062723c751e8b465ee728b)  -> (artifact id: '1087969b3c5f19134f3c772200be4180') in 0.014416 seconds 
========================================================================
Received Import Request.
  Time since last request: 4.095910 seconds.
  path: Assets/Texture/Icon/Icon.png
  artifactKey: Guid(7b3e04897fa5e4f0191e23e3108f476e) Importer(815301076,1909f56bfc062723c751e8b465ee728b)
Start importing Assets/Texture/Icon/Icon.png using Guid(7b3e04897fa5e4f0191e23e3108f476e) Importer(815301076,1909f56bfc062723c751e8b465ee728b)  -> (artifact id: '71f2829207f18097a11c1cb051d94a61') in 0.014429 seconds 
========================================================================
Received Import Request.
  Time since last request: 0.000240 seconds.
  path: Assets/Texture/Icon/SudokuBoard.png
  artifactKey: Guid(73a9e785ecd944ed6b233001758acc8b) Importer(815301076,1909f56bfc062723c751e8b465ee728b)
Start importing Assets/Texture/Icon/SudokuBoard.png using Guid(73a9e785ecd944ed6b233001758acc8b) Importer(815301076,1909f56bfc062723c751e8b465ee728b)  -> (artifact id: 'e6d90a7a8d89796aaaba279249e86ae8') in 0.018091 seconds 
========================================================================
Received Import Request.
  Time since last request: 0.000168 seconds.
  path: Assets/Texture/Icon/SplashScreen.png
  artifactKey: Guid(91f10f722c67349f88497f3133661091) Importer(815301076,1909f56bfc062723c751e8b465ee728b)
Start importing Assets/Texture/Icon/SplashScreen.png using Guid(91f10f722c67349f88497f3133661091) Importer(815301076,1909f56bfc062723c751e8b465ee728b)  -> (artifact id: '240943d43460ab658d79c878789b10b0') in 0.029999 seconds 
========================================================================
Received Import Request.
  Time since last request: 0.000183 seconds.
  path: Assets/Texture/Icon/Rounded Rectangle 2.png
  artifactKey: Guid(deea7c86915a64680bc5fcb4ead9923e) Importer(815301076,1909f56bfc062723c751e8b465ee728b)
Start importing Assets/Texture/Icon/Rounded Rectangle 2.png using Guid(deea7c86915a64680bc5fcb4ead9923e) Importer(815301076,1909f56bfc062723c751e8b465ee728b)  -> (artifact id: 'a2cba25c98de730353ead78747abe509') in 0.017140 seconds 
========================================================================
Received Import Request.
  Time since last request: 2.216409 seconds.
  path: Assets/Texture/MainMenu/Background.png
  artifactKey: Guid(193e50acaca3c4a39b9d1d605900ea50) Importer(815301076,1909f56bfc062723c751e8b465ee728b)
Start importing Assets/Texture/MainMenu/Background.png using Guid(193e50acaca3c4a39b9d1d605900ea50) Importer(815301076,1909f56bfc062723c751e8b465ee728b)  -> (artifact id: '22c2815dae59f4c35572d49742496bf9') in 0.017621 seconds 
========================================================================
Received Import Request.
  Time since last request: 0.000150 seconds.
  path: Assets/Texture/MainMenu/U.png
  artifactKey: Guid(0fe7012da8d2d48a5970fd332ed5b1b8) Importer(815301076,1909f56bfc062723c751e8b465ee728b)
Start importing Assets/Texture/MainMenu/U.png using Guid(0fe7012da8d2d48a5970fd332ed5b1b8) Importer(815301076,1909f56bfc062723c751e8b465ee728b)  -> (artifact id: '366957317b0b9f6100d6be61da412494') in 0.014184 seconds 
========================================================================
Received Import Request.
  Time since last request: 0.000183 seconds.
  path: Assets/Texture/MainMenu/MainMenuOverview.png
  artifactKey: Guid(59a6587ed53384d72b88f5bd3b4ddade) Importer(815301076,1909f56bfc062723c751e8b465ee728b)
Start importing Assets/Texture/MainMenu/MainMenuOverview.png using Guid(59a6587ed53384d72b88f5bd3b4ddade) Importer(815301076,1909f56bfc062723c751e8b465ee728b)  -> (artifact id: 'ba268e1ed150a0c68d87e29c37a11718') in 0.020188 seconds 
========================================================================
Received Import Request.
  Time since last request: 0.000112 seconds.
  path: Assets/Texture/MainMenu/Title.png
  artifactKey: Guid(b0d2b0904dba44f08b335cff3a9b722f) Importer(815301076,1909f56bfc062723c751e8b465ee728b)
Start importing Assets/Texture/MainMenu/Title.png using Guid(b0d2b0904dba44f08b335cff3a9b722f) Importer(815301076,1909f56bfc062723c751e8b465ee728b)  -> (artifact id: '9b196faa7286ea2fec1db0c177d20b55') in 0.015895 seconds 
========================================================================
Received Import Request.
  Time since last request: 0.000191 seconds.
  path: Assets/Texture/MainMenu/O.png
  artifactKey: Guid(afbfa139567f04b3081da3d6a2ec88bd) Importer(815301076,1909f56bfc062723c751e8b465ee728b)
Start importing Assets/Texture/MainMenu/O.png using Guid(afbfa139567f04b3081da3d6a2ec88bd) Importer(815301076,1909f56bfc062723c751e8b465ee728b)  -> (artifact id: '43cd1107bfc1c3d477e6bf38014b03f2') in 0.015543 seconds 
========================================================================
Received Import Request.
  Time since last request: 0.000158 seconds.
  path: Assets/Texture/MainMenu/EasyButton.png
  artifactKey: Guid(a38a3c586034e4f089e366abb8c15e74) Importer(815301076,1909f56bfc062723c751e8b465ee728b)
Start importing Assets/Texture/MainMenu/EasyButton.png using Guid(a38a3c586034e4f089e366abb8c15e74) Importer(815301076,1909f56bfc062723c751e8b465ee728b)  -> (artifact id: '7f86defbed1f408a389f0c48f57674e1') in 0.013264 seconds 
========================================================================
Received Import Request.
  Time since last request: 0.000206 seconds.
  path: Assets/Texture/MainMenu/MediumButton.png
  artifactKey: Guid(cc59ef92969e244ffbb8534214bb7871) Importer(815301076,1909f56bfc062723c751e8b465ee728b)
Start importing Assets/Texture/MainMenu/MediumButton.png using Guid(cc59ef92969e244ffbb8534214bb7871) Importer(815301076,1909f56bfc062723c751e8b465ee728b)  -> (artifact id: '26d152f911b1d0fe71840732a7ad117a') in 0.012808 seconds 
========================================================================
Received Import Request.
  Time since last request: 0.000140 seconds.
  path: Assets/Texture/MainMenu/K.png
  artifactKey: Guid(28686e746524a485391448866504c757) Importer(815301076,1909f56bfc062723c751e8b465ee728b)
Start importing Assets/Texture/MainMenu/K.png using Guid(28686e746524a485391448866504c757) Importer(815301076,1909f56bfc062723c751e8b465ee728b)  -> (artifact id: '03d654af0b9b6ca1451ed26a7ddfee31') in 0.014027 seconds 
========================================================================
Received Import Request.
  Time since last request: 0.000132 seconds.
  path: Assets/Texture/MainMenu/ContinueButton.png
  artifactKey: Guid(3ec9e39765eee48419068f037254be5e) Importer(815301076,1909f56bfc062723c751e8b465ee728b)
Start importing Assets/Texture/MainMenu/ContinueButton.png using Guid(3ec9e39765eee48419068f037254be5e) Importer(815301076,1909f56bfc062723c751e8b465ee728b)  -> (artifact id: '5e7eaeefc978722128795a3eb7425563') in 0.013369 seconds 
========================================================================
Received Import Request.
  Time since last request: 0.000201 seconds.
  path: Assets/Texture/MainMenu/U_1.png
  artifactKey: Guid(938ac8311d1f5437ebb56795d499533d) Importer(815301076,1909f56bfc062723c751e8b465ee728b)
Start importing Assets/Texture/MainMenu/U_1.png using Guid(938ac8311d1f5437ebb56795d499533d) Importer(815301076,1909f56bfc062723c751e8b465ee728b)  -> (artifact id: '864e32ecfd464370562db6a04a5ed469') in 0.014484 seconds 
========================================================================
Received Import Request.
  Time since last request: 0.000117 seconds.
  path: Assets/Texture/MainMenu/LevelSelectOverview.png
  artifactKey: Guid(9cfa3c7504a2044aeb6f40246dce8a61) Importer(815301076,1909f56bfc062723c751e8b465ee728b)
Start importing Assets/Texture/MainMenu/LevelSelectOverview.png using Guid(9cfa3c7504a2044aeb6f40246dce8a61) Importer(815301076,1909f56bfc062723c751e8b465ee728b)  -> (artifact id: '4668a3e1b8422145dde82f7638d25351') in 0.021999 seconds 
========================================================================
Received Import Request.
  Time since last request: 0.000147 seconds.
  path: Assets/Texture/MainMenu/PlayButton.png
  artifactKey: Guid(5fe51e4d83e3b4a7a84179b5cb2e9f6f) Importer(815301076,1909f56bfc062723c751e8b465ee728b)
Start importing Assets/Texture/MainMenu/PlayButton.png using Guid(5fe51e4d83e3b4a7a84179b5cb2e9f6f) Importer(815301076,1909f56bfc062723c751e8b465ee728b)  -> (artifact id: '730253c53f7562c096c0e799051f55a1') in 0.013037 seconds 
========================================================================
Received Import Request.
  Time since last request: 0.000126 seconds.
  path: Assets/Texture/MainMenu/HardButton.png
  artifactKey: Guid(452876bed2fa14449b3ab00cc49187b7) Importer(815301076,1909f56bfc062723c751e8b465ee728b)
Start importing Assets/Texture/MainMenu/HardButton.png using Guid(452876bed2fa14449b3ab00cc49187b7) Importer(815301076,1909f56bfc062723c751e8b465ee728b)  -> (artifact id: 'ae7a5701b964ed2d5619d138150eced5') in 0.013907 seconds 
========================================================================
Received Import Request.
  Time since last request: 0.000116 seconds.
  path: Assets/Texture/MainMenu/S.png
  artifactKey: Guid(2c3ecb181b00a43f9900aae159e2166f) Importer(815301076,1909f56bfc062723c751e8b465ee728b)
Start importing Assets/Texture/MainMenu/S.png using Guid(2c3ecb181b00a43f9900aae159e2166f) Importer(815301076,1909f56bfc062723c751e8b465ee728b)  -> (artifact id: '68cfb12e55b06b84adbef1839b358f74') in 0.014498 seconds 
========================================================================
Received Import Request.
  Time since last request: 0.000127 seconds.
  path: Assets/Texture/MainMenu/SudokuIcon.png
  artifactKey: Guid(beeaa1482639546b5a7651bf6ab3b7ca) Importer(815301076,1909f56bfc062723c751e8b465ee728b)
Start importing Assets/Texture/MainMenu/SudokuIcon.png using Guid(beeaa1482639546b5a7651bf6ab3b7ca) Importer(815301076,1909f56bfc062723c751e8b465ee728b)  -> (artifact id: 'aa404ca00e5865b8c5c7203d88108484') in 0.016137 seconds 
========================================================================
Received Import Request.
  Time since last request: 0.000149 seconds.
  path: Assets/Texture/MainMenu/VeryHardButton.png
  artifactKey: Guid(3f0a344fda46f4b9db2a0c7ab74d5c30) Importer(815301076,1909f56bfc062723c751e8b465ee728b)
Start importing Assets/Texture/MainMenu/VeryHardButton.png using Guid(3f0a344fda46f4b9db2a0c7ab74d5c30) Importer(815301076,1909f56bfc062723c751e8b465ee728b)  -> (artifact id: 'debea3f0bac2d22c592c84f1e93bd5ad') in 0.013045 seconds 
========================================================================
Received Import Request.
  Time since last request: 0.000182 seconds.
  path: Assets/Texture/MainMenu/OpenDataPrivacyPageButton.png
  artifactKey: Guid(1ec75543b4bbd4bfcaf7904fa57f2ba3) Importer(815301076,1909f56bfc062723c751e8b465ee728b)
Start importing Assets/Texture/MainMenu/OpenDataPrivacyPageButton.png using Guid(1ec75543b4bbd4bfcaf7904fa57f2ba3) Importer(815301076,1909f56bfc062723c751e8b465ee728b)  -> (artifact id: 'f1a7b16a5e3e117649578a0230ca36d6') in 0.013092 seconds 
========================================================================
Received Import Request.
  Time since last request: 0.000146 seconds.
  path: Assets/Texture/MainMenu/D.png
  artifactKey: Guid(a23288ecdebae40ba9765161e7cfd9b9) Importer(815301076,1909f56bfc062723c751e8b465ee728b)
Start importing Assets/Texture/MainMenu/D.png using Guid(a23288ecdebae40ba9765161e7cfd9b9) Importer(815301076,1909f56bfc062723c751e8b465ee728b)  -> (artifact id: 'ccb33809a02f3b94fdf194a906f36ddf') in 0.015466 seconds 
========================================================================
Received Import Request.
  Time since last request: 1.261184 seconds.
  path: Assets/Texture/PausePopup/MovingSquare1.png
  artifactKey: Guid(7b830948a9dc04afe9b464e2f292d2f8) Importer(815301076,1909f56bfc062723c751e8b465ee728b)
Start importing Assets/Texture/PausePopup/MovingSquare1.png using Guid(7b830948a9dc04afe9b464e2f292d2f8) Importer(815301076,1909f56bfc062723c751e8b465ee728b)  -> (artifact id: '0ce73326acc0b3d93f9b8a6233be9121') in 0.016262 seconds 
========================================================================
Received Import Request.
  Time since last request: 0.000212 seconds.
  path: Assets/Texture/PausePopup/MovingSquare2.png
  artifactKey: Guid(2e7c35663c6164c2d9154e9d580f9216) Importer(815301076,1909f56bfc062723c751e8b465ee728b)
Start importing Assets/Texture/PausePopup/MovingSquare2.png using Guid(2e7c35663c6164c2d9154e9d580f9216) Importer(815301076,1909f56bfc062723c751e8b465ee728b)  -> (artifact id: '47a291ea417e1b800187ec15aea5e03f') in 0.016540 seconds 
========================================================================
Received Import Request.
  Time since last request: 0.000152 seconds.
  path: Assets/Texture/PausePopup/TimeNumbers.png
  artifactKey: Guid(d7e78f7ca0a534894ba4117bdd0de5e2) Importer(815301076,1909f56bfc062723c751e8b465ee728b)
Start importing Assets/Texture/PausePopup/TimeNumbers.png using Guid(d7e78f7ca0a534894ba4117bdd0de5e2) Importer(815301076,1909f56bfc062723c751e8b465ee728b)  -> (artifact id: '5e32b5519d201665df846e66ae3f2e7b') in 0.013942 seconds 
========================================================================
Received Import Request.
  Time since last request: 0.000182 seconds.
  path: Assets/Texture/PausePopup/PauseText.png
  artifactKey: Guid(961df8ec7562c4a37ae89c6791f5135d) Importer(815301076,1909f56bfc062723c751e8b465ee728b)
Start importing Assets/Texture/PausePopup/PauseText.png using Guid(961df8ec7562c4a37ae89c6791f5135d) Importer(815301076,1909f56bfc062723c751e8b465ee728b)  -> (artifact id: '4078088e1c9a45a6d4c8142b3069e6dd') in 0.014809 seconds 
========================================================================
Received Import Request.
  Time since last request: 0.000126 seconds.
  path: Assets/Texture/PausePopup/PausePopupOverview.png
  artifactKey: Guid(f7da09780c5e64bcc853e30c953955ec) Importer(815301076,1909f56bfc062723c751e8b465ee728b)
Start importing Assets/Texture/PausePopup/PausePopupOverview.png using Guid(f7da09780c5e64bcc853e30c953955ec) Importer(815301076,1909f56bfc062723c751e8b465ee728b)  -> (artifact id: '10749913db63586cedd818452aa1dfde') in 0.017420 seconds 
========================================================================
Received Import Request.
  Time since last request: 0.000141 seconds.
  path: Assets/Texture/PausePopup/Time.png
  artifactKey: Guid(a311cb69553954e36b4892d17553e113) Importer(815301076,1909f56bfc062723c751e8b465ee728b)
Start importing Assets/Texture/PausePopup/Time.png using Guid(a311cb69553954e36b4892d17553e113) Importer(815301076,1909f56bfc062723c751e8b465ee728b)  -> (artifact id: '9422a234748e89d028c3aaf0412a7cd7') in 0.014528 seconds 
========================================================================
Received Prepare
Registering precompiled user dll's ...
Registered in 0.003386 seconds.
Begin MonoManager ReloadAssembly
Native extension for WindowsStandalone target not found
Native extension for WebGL target not found
Refreshing native plugins compatible for Editor in 0.72 ms, found 2 plugins.
Preloading 0 native plugins for Editor in 0.00 ms.
Mono: successfully reloaded assembly
- Completed reload, in  1.095 seconds
Domain Reload Profiling:
	ReloadAssembly (1095ms)
		BeginReloadAssembly (116ms)
			ExecutionOrderSort (0ms)
			DisableScriptedObjects (6ms)
			BackupInstance (0ms)
			ReleaseScriptingObjects (0ms)
			CreateAndSetChildDomain (36ms)
		EndReloadAssembly (922ms)
			LoadAssemblies (95ms)
			RebuildTransferFunctionScriptingTraits (0ms)
			SetupTypeCache (266ms)
			ReleaseScriptCaches (1ms)
			RebuildScriptCaches (43ms)
			SetupLoadedEditorAssemblies (417ms)
				LogAssemblyErrors (0ms)
				InitializePlatformSupportModulesInManaged (5ms)
				SetLoadedEditorAssemblies (0ms)
				RefreshPlugins (1ms)
				BeforeProcessingInitializeOnLoad (93ms)
				ProcessInitializeOnLoadAttributes (204ms)
				ProcessInitializeOnLoadMethodAttributes (108ms)
				AfterProcessingInitializeOnLoad (5ms)
				EditorAssembliesLoaded (0ms)
			ExecutionOrderSort2 (0ms)
			AwakeInstancesAfterBackupRestoration (3ms)
Platform modules already initialized, skipping
Switching build target platform(19) subTarget(0) extendedPlatform(0) -> platform(13) subTarget(589824) extendedPlatform(0)
Refreshing native plugins compatible for Editor in 0.71 ms, found 2 plugins.
Preloading 0 native plugins for Editor in 0.00 ms.
Unloading 2461 Unused Serialized files (Serialized files now loaded: 0)
System memory in use before: 98.5 MB.
System memory in use after: 98.8 MB.

Unloading 54 unused Assets to reduce memory usage. Loaded Objects now: 2967.
Total: 5.851600 ms (FindLiveObjects: 0.192600 ms CreateObjectMapping: 0.107400 ms MarkObjects: 5.522200 ms  DeleteObjects: 0.028700 ms)

AssetImportParameters requested are different than current active one (requested -> active):
  custom:framework-win-MediaFoundation: 216162199b28c13a410421893ffa2e32 -> 
  custom:video-decoder-ogg-theora: a1e56fd34408186e4bbccfd4996cb3dc -> 
  custom:container-muxer-webm: aa71ff27fc2769a1b78a27578f13a17b -> 
  custom:container-demuxer-webm: 4f35f7cbe854078d1ac9338744f61a02 -> 
  custom:container-demuxer-ogg: 62fdf1f143b41e24485cea50d1cbac27 -> 
  custom:video-encoder-webm-vp8: eb34c28f22e8b96e1ab97ce403110664 -> 
  custom:video-decoder-webm-vp8: 9c59270c3fd7afecdb556c50c9e8de78 -> 
  custom:graphics/normal-map-encoding: 01000000000000000000000000000000 -> 02000000000000000000000000000000
  custom:audio-decoder-ogg-vorbis: bf7c407c2cedff20999df2af8eb42d56 -> 
  custom:audio-encoder-webm-vorbis: bf7c407c2cedff20999df2af8eb42d56 -> 
========================================================================
Received Import Request.
  Time since last request: 238.903097 seconds.
  path: Assets/Scene/Menu.unity
  artifactKey: Guid(864ea767a713846e8b2c90e1770f3a1d) Importer(815301076,1909f56bfc062723c751e8b465ee728b)
Start importing Assets/Scene/Menu.unity using Guid(864ea767a713846e8b2c90e1770f3a1d) Importer(815301076,1909f56bfc062723c751e8b465ee728b)  -> (artifact id: '790db5b7f79fe3b5b7e2cda61ea9bfcf') in 0.007306 seconds 
========================================================================
Received Import Request.
  Time since last request: 61.852158 seconds.
  path: Assets/Scene/Menu.unity
  artifactKey: Guid(864ea767a713846e8b2c90e1770f3a1d) Importer(815301076,1909f56bfc062723c751e8b465ee728b)
Start importing Assets/Scene/Menu.unity using Guid(864ea767a713846e8b2c90e1770f3a1d) Importer(815301076,1909f56bfc062723c751e8b465ee728b)  -> (artifact id: 'fa17c6fad476c4b94db119c79d88491f') in 0.004537 seconds 
========================================================================
Received Import Request.
  Time since last request: 28.816418 seconds.
  path: Assets/Texture/WinPopup
  artifactKey: Guid(9f04f5b732fff4e988fdb6325e5f4318) Importer(815301076,1909f56bfc062723c751e8b465ee728b)
Start importing Assets/Texture/WinPopup using Guid(9f04f5b732fff4e988fdb6325e5f4318) Importer(815301076,1909f56bfc062723c751e8b465ee728b)  -> (artifact id: 'df95e359d3af763f958dbd6e9cd8aaf0') in 0.009441 seconds 
========================================================================
Received Import Request.
  Time since last request: 0.082449 seconds.
  path: Assets/Texture/WinPopup/GameOverText.png
  artifactKey: Guid(c3f72fcc9d5114dbcacdcb65bcc9a69a) Importer(815301076,1909f56bfc062723c751e8b465ee728b)
Start importing Assets/Texture/WinPopup/GameOverText.png using Guid(c3f72fcc9d5114dbcacdcb65bcc9a69a) Importer(815301076,1909f56bfc062723c751e8b465ee728b)  -> (artifact id: 'd20ac95a8f4268d6bd9ab78d4881ab2a') in 0.046756 seconds 
========================================================================
Received Import Request.
  Time since last request: 0.000238 seconds.
  path: Assets/Texture/WinPopup/WinPopupMockup.png
  artifactKey: Guid(fdb1122843b914d6c8481cb99d2f67ab) Importer(815301076,1909f56bfc062723c751e8b465ee728b)
Start importing Assets/Texture/WinPopup/WinPopupMockup.png using Guid(fdb1122843b914d6c8481cb99d2f67ab) Importer(815301076,1909f56bfc062723c751e8b465ee728b)  -> (artifact id: '06f005c93c495658acef951f5003961e') in 0.016664 seconds 
========================================================================
Received Import Request.
  Time since last request: 0.000199 seconds.
  path: Assets/Texture/WinPopup/Play Again.png
  artifactKey: Guid(2d106c69d853640b7ba0a3b88d03e95d) Importer(815301076,1909f56bfc062723c751e8b465ee728b)
Start importing Assets/Texture/WinPopup/Play Again.png using Guid(2d106c69d853640b7ba0a3b88d03e95d) Importer(815301076,1909f56bfc062723c751e8b465ee728b)  -> (artifact id: '742b8e4a86e5754e16741c23096b5207') in 0.015266 seconds 
========================================================================
Received Import Request.
  Time since last request: 2.978930 seconds.
  path: Assets/Texture/SudokuData
  artifactKey: Guid(916278ed361e9438397c966e3e17aaf7) Importer(815301076,1909f56bfc062723c751e8b465ee728b)
Start importing Assets/Texture/SudokuData using Guid(916278ed361e9438397c966e3e17aaf7) Importer(815301076,1909f56bfc062723c751e8b465ee728b)  -> (artifact id: 'd1fa4315c206447c29c20ad35754fb90') in 0.004330 seconds 
========================================================================
Received Import Request.
  Time since last request: 2.980472 seconds.
  path: Assets/Texture/PausePopup
  artifactKey: Guid(e420edf9d02a044118eae7518ccfb036) Importer(815301076,1909f56bfc062723c751e8b465ee728b)
Start importing Assets/Texture/PausePopup using Guid(e420edf9d02a044118eae7518ccfb036) Importer(815301076,1909f56bfc062723c751e8b465ee728b)  -> (artifact id: 'badeb6d6af5860f1ede12b5016a51b03') in 0.004210 seconds 
========================================================================
Received Import Request.
  Time since last request: 2.527943 seconds.
  path: Assets/Texture/MainMenu
  artifactKey: Guid(4f021f638747f469e89c963b6e901211) Importer(815301076,1909f56bfc062723c751e8b465ee728b)
Start importing Assets/Texture/MainMenu using Guid(4f021f638747f469e89c963b6e901211) Importer(815301076,1909f56bfc062723c751e8b465ee728b)  -> (artifact id: '549b01fdbda5e1679229951e271b9cb8') in 0.004222 seconds 
========================================================================
Received Import Request.
  Time since last request: 3.064901 seconds.
  path: Assets/Texture/Icon
  artifactKey: Guid(4ac6c20f2b78345a988db17641825254) Importer(815301076,1909f56bfc062723c751e8b465ee728b)
Start importing Assets/Texture/Icon using Guid(4ac6c20f2b78345a988db17641825254) Importer(815301076,1909f56bfc062723c751e8b465ee728b)  -> (artifact id: 'c312dd3f858751aa9728751f1aad38e2') in 0.001541 seconds 
========================================================================
Received Import Request.
  Time since last request: 1.620404 seconds.
  path: Assets/Texture/GameScreen
  artifactKey: Guid(816c5dd04df744aa69961831bcde5197) Importer(815301076,1909f56bfc062723c751e8b465ee728b)
Start importing Assets/Texture/GameScreen using Guid(816c5dd04df744aa69961831bcde5197) Importer(815301076,1909f56bfc062723c751e8b465ee728b)  -> (artifact id: '71bae8657fc85fc8615713e9064b45a2') in 0.004367 seconds 
========================================================================
Received Import Request.
  Time since last request: 3.779714 seconds.
  path: Assets/Texture/GameOver
  artifactKey: Guid(3c9c8e5e91fac49b3b6e2222e69bb2f4) Importer(815301076,1909f56bfc062723c751e8b465ee728b)
Start importing Assets/Texture/GameOver using Guid(3c9c8e5e91fac49b3b6e2222e69bb2f4) Importer(815301076,1909f56bfc062723c751e8b465ee728b)  -> (artifact id: '16c5abffb19979d6b7443f6843a9a346') in 0.004716 seconds 
========================================================================
Received Import Request.
  Time since last request: 20.185728 seconds.
  path: Assets/Texture/GameOver/Background.png
  artifactKey: Guid(209c2bb67494745d8bf2f5bd94328210) Importer(815301076,1909f56bfc062723c751e8b465ee728b)
Start importing Assets/Texture/GameOver/Background.png using Guid(209c2bb67494745d8bf2f5bd94328210) Importer(815301076,1909f56bfc062723c751e8b465ee728b)  -> (artifact id: 'a048c9ab61ea2d607731fb671b9869db') in 0.012000 seconds 
========================================================================
Received Import Request.
  Time since last request: 152.336247 seconds.
  path: Assets/Scene/Game.unity
  artifactKey: Guid(3d56a71f6017249bcb7b05328bd19b16) Importer(815301076,1909f56bfc062723c751e8b465ee728b)
Start importing Assets/Scene/Game.unity using Guid(3d56a71f6017249bcb7b05328bd19b16) Importer(815301076,1909f56bfc062723c751e8b465ee728b)  -> (artifact id: '6420d2a727a5a04dcc224e51ae2b7dfb') in 0.002514 seconds 
========================================================================
Received Import Request.
  Time since last request: 4.518824 seconds.
  path: Assets/Scene/Game.unity
  artifactKey: Guid(3d56a71f6017249bcb7b05328bd19b16) Importer(815301076,1909f56bfc062723c751e8b465ee728b)
Start importing Assets/Scene/Game.unity using Guid(3d56a71f6017249bcb7b05328bd19b16) Importer(815301076,1909f56bfc062723c751e8b465ee728b)  -> (artifact id: '495a4f827217ac1117e6650e52f90221') in 0.001576 seconds 
========================================================================
Received Import Request.
  Time since last request: 648.720075 seconds.
  path: Assets/Texture/MainMenu/ContinueButton.png
  artifactKey: Guid(3ec9e39765eee48419068f037254be5e) Importer(815301076,1909f56bfc062723c751e8b465ee728b)
Start importing Assets/Texture/MainMenu/ContinueButton.png using Guid(3ec9e39765eee48419068f037254be5e) Importer(815301076,1909f56bfc062723c751e8b465ee728b)  -> (artifact id: '73056e7e714659edb8e3e768d740c828') in 0.012524 seconds 
========================================================================
Received Import Request.
  Time since last request: 34.456821 seconds.
  path: Assets/Texture/MainMenu/ContinueButton.png
  artifactKey: Guid(3ec9e39765eee48419068f037254be5e) Importer(815301076,1909f56bfc062723c751e8b465ee728b)
Start importing Assets/Texture/MainMenu/ContinueButton.png using Guid(3ec9e39765eee48419068f037254be5e) Importer(815301076,1909f56bfc062723c751e8b465ee728b)  -> (artifact id: '7001c92002e6409e8542bf618d0b1dfc') in 0.010140 seconds 
========================================================================
Received Prepare
Registering precompiled user dll's ...
Registered in 0.003224 seconds.
Begin MonoManager ReloadAssembly
Native extension for WindowsStandalone target not found
Native extension for WebGL target not found
Refreshing native plugins compatible for Editor in 0.73 ms, found 2 plugins.
Preloading 0 native plugins for Editor in 0.00 ms.
Mono: successfully reloaded assembly
- Completed reload, in  1.084 seconds
Domain Reload Profiling:
	ReloadAssembly (1084ms)
		BeginReloadAssembly (118ms)
			ExecutionOrderSort (0ms)
			DisableScriptedObjects (6ms)
			BackupInstance (0ms)
			ReleaseScriptingObjects (0ms)
			CreateAndSetChildDomain (38ms)
		EndReloadAssembly (908ms)
			LoadAssemblies (100ms)
			RebuildTransferFunctionScriptingTraits (0ms)
			SetupTypeCache (278ms)
			ReleaseScriptCaches (1ms)
			RebuildScriptCaches (46ms)
			SetupLoadedEditorAssemblies (385ms)
				LogAssemblyErrors (0ms)
				InitializePlatformSupportModulesInManaged (6ms)
				SetLoadedEditorAssemblies (0ms)
				RefreshPlugins (1ms)
				BeforeProcessingInitializeOnLoad (93ms)
				ProcessInitializeOnLoadAttributes (207ms)
				ProcessInitializeOnLoadMethodAttributes (73ms)
				AfterProcessingInitializeOnLoad (5ms)
				EditorAssembliesLoaded (0ms)
			ExecutionOrderSort2 (0ms)
			AwakeInstancesAfterBackupRestoration (2ms)
Platform modules already initialized, skipping
Switching build target platform(19) subTarget(0) extendedPlatform(0) -> platform(13) subTarget(589824) extendedPlatform(0)
Refreshing native plugins compatible for Editor in 0.76 ms, found 2 plugins.
Preloading 0 native plugins for Editor in 0.00 ms.
Unloading 2461 Unused Serialized files (Serialized files now loaded: 0)
System memory in use before: 98.6 MB.
System memory in use after: 98.8 MB.

Unloading 54 unused Assets to reduce memory usage. Loaded Objects now: 2973.
Total: 5.632800 ms (FindLiveObjects: 0.217500 ms CreateObjectMapping: 0.132100 ms MarkObjects: 5.251500 ms  DeleteObjects: 0.030700 ms)

AssetImportParameters requested are different than current active one (requested -> active):
  custom:framework-win-MediaFoundation: 216162199b28c13a410421893ffa2e32 -> 
  custom:video-decoder-ogg-theora: a1e56fd34408186e4bbccfd4996cb3dc -> 
  custom:container-muxer-webm: aa71ff27fc2769a1b78a27578f13a17b -> 
  custom:container-demuxer-webm: 4f35f7cbe854078d1ac9338744f61a02 -> 
  custom:container-demuxer-ogg: 62fdf1f143b41e24485cea50d1cbac27 -> 
  custom:video-encoder-webm-vp8: eb34c28f22e8b96e1ab97ce403110664 -> 
  custom:video-decoder-webm-vp8: 9c59270c3fd7afecdb556c50c9e8de78 -> 
  custom:graphics/normal-map-encoding: 01000000000000000000000000000000 -> 02000000000000000000000000000000
  custom:audio-decoder-ogg-vorbis: bf7c407c2cedff20999df2af8eb42d56 -> 
  custom:audio-encoder-webm-vorbis: bf7c407c2cedff20999df2af8eb42d56 -> 
========================================================================
Received Import Request.
  Time since last request: 531.535136 seconds.
  path: Assets/Texture/LICENSE
  artifactKey: Guid(b7977578f95d94dcdb4b5ac21d85046d) Importer(815301076,1909f56bfc062723c751e8b465ee728b)
Start importing Assets/Texture/LICENSE using Guid(b7977578f95d94dcdb4b5ac21d85046d) Importer(815301076,1909f56bfc062723c751e8b465ee728b)  -> (artifact id: 'd5b103a31730e65350e1d03d26d503dd') in 0.013943 seconds 
========================================================================
Received Prepare
Registering precompiled user dll's ...
Registered in 0.009507 seconds.
Begin MonoManager ReloadAssembly
Native extension for WindowsStandalone target not found
Native extension for WebGL target not found
Refreshing native plugins compatible for Editor in 0.72 ms, found 2 plugins.
Preloading 0 native plugins for Editor in 0.00 ms.
Mono: successfully reloaded assembly
- Completed reload, in  1.078 seconds
Domain Reload Profiling:
	ReloadAssembly (1079ms)
		BeginReloadAssembly (111ms)
			ExecutionOrderSort (0ms)
			DisableScriptedObjects (6ms)
			BackupInstance (0ms)
			ReleaseScriptingObjects (0ms)
			CreateAndSetChildDomain (34ms)
		EndReloadAssembly (909ms)
			LoadAssemblies (97ms)
			RebuildTransferFunctionScriptingTraits (0ms)
			SetupTypeCache (279ms)
			ReleaseScriptCaches (1ms)
			RebuildScriptCaches (44ms)
			SetupLoadedEditorAssemblies (384ms)
				LogAssemblyErrors (0ms)
				InitializePlatformSupportModulesInManaged (6ms)
				SetLoadedEditorAssemblies (1ms)
				RefreshPlugins (1ms)
				BeforeProcessingInitializeOnLoad (96ms)
				ProcessInitializeOnLoadAttributes (204ms)
				ProcessInitializeOnLoadMethodAttributes (72ms)
				AfterProcessingInitializeOnLoad (5ms)
				EditorAssembliesLoaded (0ms)
			ExecutionOrderSort2 (0ms)
			AwakeInstancesAfterBackupRestoration (2ms)
Platform modules already initialized, skipping
Switching build target platform(19) subTarget(0) extendedPlatform(0) -> platform(13) subTarget(589824) extendedPlatform(0)
Refreshing native plugins compatible for Editor in 0.82 ms, found 2 plugins.
Preloading 0 native plugins for Editor in 0.00 ms.
Unloading 2461 Unused Serialized files (Serialized files now loaded: 0)
System memory in use before: 98.6 MB.
System memory in use after: 98.9 MB.

Unloading 54 unused Assets to reduce memory usage. Loaded Objects now: 2976.
Total: 5.832400 ms (FindLiveObjects: 0.199200 ms CreateObjectMapping: 0.106300 ms MarkObjects: 5.495200 ms  DeleteObjects: 0.030700 ms)

AssetImportParameters requested are different than current active one (requested -> active):
  custom:framework-win-MediaFoundation: 216162199b28c13a410421893ffa2e32 -> 
  custom:video-decoder-ogg-theora: a1e56fd34408186e4bbccfd4996cb3dc -> 
  custom:container-muxer-webm: aa71ff27fc2769a1b78a27578f13a17b -> 
  custom:container-demuxer-webm: 4f35f7cbe854078d1ac9338744f61a02 -> 
  custom:container-demuxer-ogg: 62fdf1f143b41e24485cea50d1cbac27 -> 
  custom:video-encoder-webm-vp8: eb34c28f22e8b96e1ab97ce403110664 -> 
  custom:video-decoder-webm-vp8: 9c59270c3fd7afecdb556c50c9e8de78 -> 
  custom:graphics/normal-map-encoding: 01000000000000000000000000000000 -> 02000000000000000000000000000000
  custom:audio-decoder-ogg-vorbis: bf7c407c2cedff20999df2af8eb42d56 -> 
  custom:audio-encoder-webm-vorbis: bf7c407c2cedff20999df2af8eb42d56 -> 
========================================================================
Received Import Request.
  Time since last request: 18.081837 seconds.
  path: Assets/Scene/Game.unity
  artifactKey: Guid(3d56a71f6017249bcb7b05328bd19b16) Importer(815301076,1909f56bfc062723c751e8b465ee728b)
Start importing Assets/Scene/Game.unity using Guid(3d56a71f6017249bcb7b05328bd19b16) Importer(815301076,1909f56bfc062723c751e8b465ee728b)  -> (artifact id: '3f5bdeef6ead4935784549f66e7ea139') in 0.004327 seconds 
========================================================================
Received Import Request.
  Time since last request: 1.790435 seconds.
  path: Assets/Prefab/GridSquare.prefab
  artifactKey: Guid(5139bfa5d907a4128b2842911442a4fb) Importer(815301076,1909f56bfc062723c751e8b465ee728b)
Start importing Assets/Prefab/GridSquare.prefab using Guid(5139bfa5d907a4128b2842911442a4fb) Importer(815301076,1909f56bfc062723c751e8b465ee728b)  -> (artifact id: 'de40a937d1dddf43ffa2c5ea2d2a4f2e') in 0.037095 seconds 
========================================================================
Received Import Request.
  Time since last request: 5.065212 seconds.
  path: Assets/Prefab/GridSquare.prefab
  artifactKey: Guid(5139bfa5d907a4128b2842911442a4fb) Importer(815301076,1909f56bfc062723c751e8b465ee728b)
Start importing Assets/Prefab/GridSquare.prefab using Guid(5139bfa5d907a4128b2842911442a4fb) Importer(815301076,1909f56bfc062723c751e8b465ee728b)  -> (artifact id: '09f03ea9a0c1df09dddbf383a554dd98') in 0.004999 seconds 
========================================================================
Received Import Request.
  Time since last request: 8.948392 seconds.
  path: Assets/Prefab/GridSquare.prefab
  artifactKey: Guid(5139bfa5d907a4128b2842911442a4fb) Importer(815301076,1909f56bfc062723c751e8b465ee728b)
Start importing Assets/Prefab/GridSquare.prefab using Guid(5139bfa5d907a4128b2842911442a4fb) Importer(815301076,1909f56bfc062723c751e8b465ee728b)  -> (artifact id: '97877d26f766df44d3ed9af3d9293bd8') in 0.006651 seconds 
========================================================================
Received Prepare
Registering precompiled user dll's ...
Registered in 0.005356 seconds.
Begin MonoManager ReloadAssembly
Native extension for WindowsStandalone target not found
Native extension for WebGL target not found
Refreshing native plugins compatible for Editor in 1.15 ms, found 2 plugins.
Preloading 0 native plugins for Editor in 0.00 ms.
Mono: successfully reloaded assembly
- Completed reload, in  1.137 seconds
Domain Reload Profiling:
	ReloadAssembly (1138ms)
		BeginReloadAssembly (122ms)
			ExecutionOrderSort (0ms)
			DisableScriptedObjects (6ms)
			BackupInstance (0ms)
			ReleaseScriptingObjects (0ms)
			CreateAndSetChildDomain (38ms)
		EndReloadAssembly (947ms)
			LoadAssemblies (108ms)
			RebuildTransferFunctionScriptingTraits (0ms)
			SetupTypeCache (293ms)
			ReleaseScriptCaches (1ms)
			RebuildScriptCaches (45ms)
			SetupLoadedEditorAssemblies (392ms)
				LogAssemblyErrors (0ms)
				InitializePlatformSupportModulesInManaged (8ms)
				SetLoadedEditorAssemblies (1ms)
				RefreshPlugins (1ms)
				BeforeProcessingInitializeOnLoad (98ms)
				ProcessInitializeOnLoadAttributes (208ms)
				ProcessInitializeOnLoadMethodAttributes (72ms)
				AfterProcessingInitializeOnLoad (5ms)
				EditorAssembliesLoaded (0ms)
			ExecutionOrderSort2 (0ms)
			AwakeInstancesAfterBackupRestoration (2ms)
Platform modules already initialized, skipping
Switching build target platform(19) subTarget(0) extendedPlatform(0) -> platform(13) subTarget(589824) extendedPlatform(0)
Refreshing native plugins compatible for Editor in 0.72 ms, found 2 plugins.
Preloading 0 native plugins for Editor in 0.00 ms.
Unloading 2461 Unused Serialized files (Serialized files now loaded: 0)
System memory in use before: 98.7 MB.
System memory in use after: 99.0 MB.

Unloading 54 unused Assets to reduce memory usage. Loaded Objects now: 2981.
Total: 5.745500 ms (FindLiveObjects: 0.194400 ms CreateObjectMapping: 0.101900 ms MarkObjects: 5.418100 ms  DeleteObjects: 0.030000 ms)

AssetImportParameters requested are different than current active one (requested -> active):
  custom:framework-win-MediaFoundation: 216162199b28c13a410421893ffa2e32 -> 
  custom:video-decoder-ogg-theora: a1e56fd34408186e4bbccfd4996cb3dc -> 
  custom:container-muxer-webm: aa71ff27fc2769a1b78a27578f13a17b -> 
  custom:container-demuxer-webm: 4f35f7cbe854078d1ac9338744f61a02 -> 
  custom:container-demuxer-ogg: 62fdf1f143b41e24485cea50d1cbac27 -> 
  custom:video-encoder-webm-vp8: eb34c28f22e8b96e1ab97ce403110664 -> 
  custom:video-decoder-webm-vp8: 9c59270c3fd7afecdb556c50c9e8de78 -> 
  custom:graphics/normal-map-encoding: 01000000000000000000000000000000 -> 02000000000000000000000000000000
  custom:audio-decoder-ogg-vorbis: bf7c407c2cedff20999df2af8eb42d56 -> 
  custom:audio-encoder-webm-vorbis: bf7c407c2cedff20999df2af8eb42d56 -> 
========================================================================
Received Import Request.
  Time since last request: 229.001495 seconds.
  path: Assets/Texture/MainMenu/Game Background.png
  artifactKey: Guid(193e50acaca3c4a39b9d1d605900ea50) Importer(815301076,1909f56bfc062723c751e8b465ee728b)
Start importing Assets/Texture/MainMenu/Game Background.png using Guid(193e50acaca3c4a39b9d1d605900ea50) Importer(815301076,1909f56bfc062723c751e8b465ee728b)  -> (artifact id: '3dd4269e567b383b3495588cb07ef1d1') in 0.058099 seconds 
========================================================================
Received Prepare
Registering precompiled user dll's ...
Registered in 0.005636 seconds.
Begin MonoManager ReloadAssembly
Native extension for WindowsStandalone target not found
Native extension for WebGL target not found
Refreshing native plugins compatible for Editor in 0.72 ms, found 2 plugins.
Preloading 0 native plugins for Editor in 0.00 ms.
Mono: successfully reloaded assembly
- Completed reload, in  1.037 seconds
Domain Reload Profiling:
	ReloadAssembly (1038ms)
		BeginReloadAssembly (103ms)
			ExecutionOrderSort (0ms)
			DisableScriptedObjects (6ms)
			BackupInstance (0ms)
			ReleaseScriptingObjects (0ms)
			CreateAndSetChildDomain (32ms)
		EndReloadAssembly (882ms)
			LoadAssemblies (90ms)
			RebuildTransferFunctionScriptingTraits (0ms)
			SetupTypeCache (259ms)
			ReleaseScriptCaches (1ms)
			RebuildScriptCaches (47ms)
			SetupLoadedEditorAssemblies (367ms)
				LogAssemblyErrors (0ms)
				InitializePlatformSupportModulesInManaged (5ms)
				SetLoadedEditorAssemblies (0ms)
				RefreshPlugins (1ms)
				BeforeProcessingInitializeOnLoad (94ms)
				ProcessInitializeOnLoadAttributes (192ms)
				ProcessInitializeOnLoadMethodAttributes (69ms)
				AfterProcessingInitializeOnLoad (5ms)
				EditorAssembliesLoaded (0ms)
			ExecutionOrderSort2 (0ms)
			AwakeInstancesAfterBackupRestoration (2ms)
Platform modules already initialized, skipping
Switching build target platform(19) subTarget(0) extendedPlatform(0) -> platform(13) subTarget(589824) extendedPlatform(0)
Refreshing native plugins compatible for Editor in 0.71 ms, found 2 plugins.
Preloading 0 native plugins for Editor in 0.00 ms.
Unloading 2461 Unused Serialized files (Serialized files now loaded: 0)
System memory in use before: 98.7 MB.
System memory in use after: 98.9 MB.

Unloading 54 unused Assets to reduce memory usage. Loaded Objects now: 2985.
Total: 5.560500 ms (FindLiveObjects: 0.191100 ms CreateObjectMapping: 0.116800 ms MarkObjects: 5.221900 ms  DeleteObjects: 0.029400 ms)

AssetImportParameters requested are different than current active one (requested -> active):
  custom:framework-win-MediaFoundation: 216162199b28c13a410421893ffa2e32 -> 
  custom:video-decoder-ogg-theora: a1e56fd34408186e4bbccfd4996cb3dc -> 
  custom:container-muxer-webm: aa71ff27fc2769a1b78a27578f13a17b -> 
  custom:container-demuxer-webm: 4f35f7cbe854078d1ac9338744f61a02 -> 
  custom:container-demuxer-ogg: 62fdf1f143b41e24485cea50d1cbac27 -> 
  custom:video-encoder-webm-vp8: eb34c28f22e8b96e1ab97ce403110664 -> 
  custom:video-decoder-webm-vp8: 9c59270c3fd7afecdb556c50c9e8de78 -> 
  custom:graphics/normal-map-encoding: 01000000000000000000000000000000 -> 02000000000000000000000000000000
  custom:audio-decoder-ogg-vorbis: bf7c407c2cedff20999df2af8eb42d56 -> 
  custom:audio-encoder-webm-vorbis: bf7c407c2cedff20999df2af8eb42d56 -> 
========================================================================
Received Import Request.
  Time since last request: 65.667771 seconds.
  path: Assets/Texture/1.png
  artifactKey: Guid(952f8ccbb395f449ca4ee383600cbb42) Importer(815301076,1909f56bfc062723c751e8b465ee728b)
Start importing Assets/Texture/1.png using Guid(952f8ccbb395f449ca4ee383600cbb42) Importer(815301076,1909f56bfc062723c751e8b465ee728b)  -> (artifact id: '3b3506a3cbbd13d1832acead8f617eb7') in 0.046101 seconds 
========================================================================
Received Import Request.
  Time since last request: 0.000150 seconds.
  path: Assets/Texture/7.png
  artifactKey: Guid(cf4eadd038d194218abc459c7526cfde) Importer(815301076,1909f56bfc062723c751e8b465ee728b)
Start importing Assets/Texture/7.png using Guid(cf4eadd038d194218abc459c7526cfde) Importer(815301076,1909f56bfc062723c751e8b465ee728b)  -> (artifact id: '81167f8e7f629f59485aca2aecbe3a99') in 0.013930 seconds 
========================================================================
Received Import Request.
  Time since last request: 0.000162 seconds.
  path: Assets/Texture/MovingSquare2.png
  artifactKey: Guid(2e7c35663c6164c2d9154e9d580f9216) Importer(815301076,1909f56bfc062723c751e8b465ee728b)
Start importing Assets/Texture/MovingSquare2.png using Guid(2e7c35663c6164c2d9154e9d580f9216) Importer(815301076,1909f56bfc062723c751e8b465ee728b)  -> (artifact id: '4fe1c7e5a41b504666980f1da41970f8') in 0.015142 seconds 
========================================================================
Received Import Request.
  Time since last request: 0.000146 seconds.
  path: Assets/Texture/5.png
  artifactKey: Guid(c007c6e50c1f54b8a9cbf4321893b1ef) Importer(815301076,1909f56bfc062723c751e8b465ee728b)
Start importing Assets/Texture/5.png using Guid(c007c6e50c1f54b8a9cbf4321893b1ef) Importer(815301076,1909f56bfc062723c751e8b465ee728b)  -> (artifact id: '645035b505ef8234cc24ab7c1de976c0') in 0.010428 seconds 
========================================================================
Received Import Request.
  Time since last request: 0.000158 seconds.
  path: Assets/Texture/4.png
  artifactKey: Guid(f2994e50275504b88b1a06364844583d) Importer(815301076,1909f56bfc062723c751e8b465ee728b)
Start importing Assets/Texture/4.png using Guid(f2994e50275504b88b1a06364844583d) Importer(815301076,1909f56bfc062723c751e8b465ee728b)  -> (artifact id: 'b9d07f363a672ead40909aff80356432') in 0.008204 seconds 
========================================================================
Received Import Request.
  Time since last request: 0.000121 seconds.
  path: Assets/Texture/6.png
  artifactKey: Guid(4d408addf97fb4b29a443294a4126162) Importer(815301076,1909f56bfc062723c751e8b465ee728b)
Start importing Assets/Texture/6.png using Guid(4d408addf97fb4b29a443294a4126162) Importer(815301076,1909f56bfc062723c751e8b465ee728b)  -> (artifact id: '3f842c95bb614e03f0c4341c371f26db') in 0.008880 seconds 
========================================================================
Received Import Request.
  Time since last request: 0.000121 seconds.
  path: Assets/Texture/NotesOn.png
  artifactKey: Guid(3dcddfacc8ae7499187071cab023bbb8) Importer(815301076,1909f56bfc062723c751e8b465ee728b)
Start importing Assets/Texture/NotesOn.png using Guid(3dcddfacc8ae7499187071cab023bbb8) Importer(815301076,1909f56bfc062723c751e8b465ee728b)  -> (artifact id: '89fdd794c74553d1ee5ca0817e9bed91') in 0.008930 seconds 
========================================================================
Received Import Request.
  Time since last request: 0.000176 seconds.
  path: Assets/Texture/Title.png
  artifactKey: Guid(b0d2b0904dba44f08b335cff3a9b722f) Importer(815301076,1909f56bfc062723c751e8b465ee728b)
Start importing Assets/Texture/Title.png using Guid(b0d2b0904dba44f08b335cff3a9b722f) Importer(815301076,1909f56bfc062723c751e8b465ee728b)  -> (artifact id: 'a0d4b42024920f930acf6100e103bf37') in 0.016179 seconds 
========================================================================
Received Import Request.
  Time since last request: 0.000116 seconds.
  path: Assets/Texture/EraseButton.png
  artifactKey: Guid(357f7ccf0b6554d9f8ac2c2d8d6e9f0f) Importer(815301076,1909f56bfc062723c751e8b465ee728b)
Start importing Assets/Texture/EraseButton.png using Guid(357f7ccf0b6554d9f8ac2c2d8d6e9f0f) Importer(815301076,1909f56bfc062723c751e8b465ee728b)  -> (artifact id: '0f3e0c51e4876894283bad2f135a2efc') in 0.008271 seconds 
========================================================================
Received Import Request.
  Time since last request: 0.000172 seconds.
  path: Assets/Texture/GameSceneOverveiw.png
  artifactKey: Guid(6ebed1631dd774960bc2eaa459964e63) Importer(815301076,1909f56bfc062723c751e8b465ee728b)
Start importing Assets/Texture/GameSceneOverveiw.png using Guid(6ebed1631dd774960bc2eaa459964e63) Importer(815301076,1909f56bfc062723c751e8b465ee728b)  -> (artifact id: 'b74b15c087872dd56b44c8bda9483bad') in 0.016794 seconds 
========================================================================
Received Import Request.
  Time since last request: 0.000162 seconds.
  path: Assets/Texture/3.png
  artifactKey: Guid(052ed44f442bc4ebba8d588d4d4b4066) Importer(815301076,1909f56bfc062723c751e8b465ee728b)
Start importing Assets/Texture/3.png using Guid(052ed44f442bc4ebba8d588d4d4b4066) Importer(815301076,1909f56bfc062723c751e8b465ee728b)  -> (artifact id: 'a2d56e1c86c6c9ce360f72219cb923e2') in 0.007801 seconds 
========================================================================
Received Import Request.
  Time since last request: 0.000129 seconds.
  path: Assets/Texture/Background.png
  artifactKey: Guid(209c2bb67494745d8bf2f5bd94328210) Importer(815301076,1909f56bfc062723c751e8b465ee728b)
Start importing Assets/Texture/Background.png using Guid(209c2bb67494745d8bf2f5bd94328210) Importer(815301076,1909f56bfc062723c751e8b465ee728b)  -> (artifact id: 'fa3dddacb4a96b7eb79d078a98d8865b') in 0.016912 seconds 
========================================================================
Received Import Request.
  Time since last request: 0.000130 seconds.
  path: Assets/Texture/EasyButton.png
  artifactKey: Guid(a38a3c586034e4f089e366abb8c15e74) Importer(815301076,1909f56bfc062723c751e8b465ee728b)
Start importing Assets/Texture/EasyButton.png using Guid(a38a3c586034e4f089e366abb8c15e74) Importer(815301076,1909f56bfc062723c751e8b465ee728b)  -> (artifact id: '1314ca2c9fc0e746bbe4b6f1fed84de2') in 0.008245 seconds 
========================================================================
Received Import Request.
  Time since last request: 0.000148 seconds.
  path: Assets/Texture/hourglass.png
  artifactKey: Guid(3e1b056a487df4dee81c14d45db891a4) Importer(815301076,1909f56bfc062723c751e8b465ee728b)
Start importing Assets/Texture/hourglass.png using Guid(3e1b056a487df4dee81c14d45db891a4) Importer(815301076,1909f56bfc062723c751e8b465ee728b)  -> (artifact id: 'c4aa2f954d64a23c885e8fc3edd904fb') in 0.011614 seconds 
========================================================================
Received Import Request.
  Time since last request: 0.000128 seconds.
  path: Assets/Texture/2.png
  artifactKey: Guid(9c402309232b044ca821094f6ebb4ece) Importer(815301076,1909f56bfc062723c751e8b465ee728b)
Start importing Assets/Texture/2.png using Guid(9c402309232b044ca821094f6ebb4ece) Importer(815301076,1909f56bfc062723c751e8b465ee728b)  -> (artifact id: 'c00c0327961622c0b98165db78d690dd') in 0.013476 seconds 
========================================================================
Received Import Request.
  Time since last request: 0.000152 seconds.
  path: Assets/Texture/BoardBackground.png
  artifactKey: Guid(600451c06d9404c4ca03b1169c189218) Importer(815301076,1909f56bfc062723c751e8b465ee728b)
Start importing Assets/Texture/BoardBackground.png using Guid(600451c06d9404c4ca03b1169c189218) Importer(815301076,1909f56bfc062723c751e8b465ee728b)  -> (artifact id: '94bc94cd235681f6d4e8cde3a3e33a6e') in 0.016934 seconds 
========================================================================
Received Import Request.
  Time since last request: 0.000156 seconds.
  path: Assets/Texture/MediumButton.png
  artifactKey: Guid(cc59ef92969e244ffbb8534214bb7871) Importer(815301076,1909f56bfc062723c751e8b465ee728b)
Start importing Assets/Texture/MediumButton.png using Guid(cc59ef92969e244ffbb8534214bb7871) Importer(815301076,1909f56bfc062723c751e8b465ee728b)  -> (artifact id: '55b49911c64b27f0077afb3fd70a456d') in 0.011783 seconds 
========================================================================
Received Import Request.
  Time since last request: 0.000157 seconds.
  path: Assets/Texture/PauseButton.png
  artifactKey: Guid(89368a6b1f5534f7b8c4cd4443f2b603) Importer(815301076,1909f56bfc062723c751e8b465ee728b)
Start importing Assets/Texture/PauseButton.png using Guid(89368a6b1f5534f7b8c4cd4443f2b603) Importer(815301076,1909f56bfc062723c751e8b465ee728b)  -> (artifact id: 'fd07f7bc1d3aea4501ad301834eccfa7') in 0.011130 seconds 
========================================================================
Received Import Request.
  Time since last request: 0.000128 seconds.
  path: Assets/Texture/X_On.png
  artifactKey: Guid(b5ad6dcaa49c3457786ebee175ef6f53) Importer(815301076,1909f56bfc062723c751e8b465ee728b)
Start importing Assets/Texture/X_On.png using Guid(b5ad6dcaa49c3457786ebee175ef6f53) Importer(815301076,1909f56bfc062723c751e8b465ee728b)  -> (artifact id: 'aa2b3f3adea42c88e2ce24c117b6923e') in 0.007784 seconds 
========================================================================
Received Import Request.
  Time since last request: 0.000121 seconds.
  path: Assets/Texture/PlayButton.png
  artifactKey: Guid(5fe51e4d83e3b4a7a84179b5cb2e9f6f) Importer(815301076,1909f56bfc062723c751e8b465ee728b)
Start importing Assets/Texture/PlayButton.png using Guid(5fe51e4d83e3b4a7a84179b5cb2e9f6f) Importer(815301076,1909f56bfc062723c751e8b465ee728b)  -> (artifact id: 'd182cc63627bdf8a1461f07a74e7be7f') in 0.013246 seconds 
========================================================================
Received Import Request.
  Time since last request: 0.000174 seconds.
  path: Assets/Texture/8.png
  artifactKey: Guid(8c969f6b4704d4b328002a4ae54b07d9) Importer(815301076,1909f56bfc062723c751e8b465ee728b)
Start importing Assets/Texture/8.png using Guid(8c969f6b4704d4b328002a4ae54b07d9) Importer(815301076,1909f56bfc062723c751e8b465ee728b)  -> (artifact id: '92bc2991b8a46394a8e66cb40ae513af') in 0.008410 seconds 
========================================================================
Received Import Request.
  Time since last request: 0.000185 seconds.
  path: Assets/Texture/9.png
  artifactKey: Guid(763644cfba5e94c2a836a740c2d0f2d3) Importer(815301076,1909f56bfc062723c751e8b465ee728b)
Start importing Assets/Texture/9.png using Guid(763644cfba5e94c2a836a740c2d0f2d3) Importer(815301076,1909f56bfc062723c751e8b465ee728b)  -> (artifact id: '3dce2d821162aa9626ea81562899fd98') in 0.007839 seconds 
========================================================================
Received Import Request.
  Time since last request: 0.000139 seconds.
  path: Assets/Texture/SmallBackButton.png
  artifactKey: Guid(529fae09a12f6411084c223515caa475) Importer(815301076,1909f56bfc062723c751e8b465ee728b)
Start importing Assets/Texture/SmallBackButton.png using Guid(529fae09a12f6411084c223515caa475) Importer(815301076,1909f56bfc062723c751e8b465ee728b)  -> (artifact id: 'c511da8881565acbeb145b39d455b190') in 0.008387 seconds 
========================================================================
Received Import Request.
  Time since last request: 0.000185 seconds.
  path: Assets/Texture/Icon.png
  artifactKey: Guid(efefaa2b4e8af40c688a286c3d20ba4a) Importer(815301076,1909f56bfc062723c751e8b465ee728b)
Start importing Assets/Texture/Icon.png using Guid(efefaa2b4e8af40c688a286c3d20ba4a) Importer(815301076,1909f56bfc062723c751e8b465ee728b)  -> (artifact id: 'b97a8149b9cff1819998dd7300a37ea9') in 0.014956 seconds 
========================================================================
Received Import Request.
  Time since last request: 0.000169 seconds.
  path: Assets/Texture/HardButton.png
  artifactKey: Guid(452876bed2fa14449b3ab00cc49187b7) Importer(815301076,1909f56bfc062723c751e8b465ee728b)
Start importing Assets/Texture/HardButton.png using Guid(452876bed2fa14449b3ab00cc49187b7) Importer(815301076,1909f56bfc062723c751e8b465ee728b)  -> (artifact id: '7a7fb39c4c373682d55cdc4f67ae632a') in 0.009456 seconds 
========================================================================
Received Import Request.
  Time since last request: 0.000151 seconds.
  path: Assets/Texture/SudokuIcon.png
  artifactKey: Guid(beeaa1482639546b5a7651bf6ab3b7ca) Importer(815301076,1909f56bfc062723c751e8b465ee728b)
Start importing Assets/Texture/SudokuIcon.png using Guid(beeaa1482639546b5a7651bf6ab3b7ca) Importer(815301076,1909f56bfc062723c751e8b465ee728b)  -> (artifact id: 'c631f6a33f4a8517cf6813b99f648a8c') in 0.014072 seconds 
========================================================================
Received Import Request.
  Time since last request: 0.000118 seconds.
  path: Assets/Texture/NotesOff.png
  artifactKey: Guid(b5f7a11ff6e0b4f4f8a63d58eb4b1a07) Importer(815301076,1909f56bfc062723c751e8b465ee728b)
Start importing Assets/Texture/NotesOff.png using Guid(b5f7a11ff6e0b4f4f8a63d58eb4b1a07) Importer(815301076,1909f56bfc062723c751e8b465ee728b)  -> (artifact id: 'fdfd90bbf061abd21ea8b98bd6adf1ea') in 0.014169 seconds 
========================================================================
Received Import Request.
  Time since last request: 0.000142 seconds.
  path: Assets/Texture/VeryHardButton.png
  artifactKey: Guid(3f0a344fda46f4b9db2a0c7ab74d5c30) Importer(815301076,1909f56bfc062723c751e8b465ee728b)
Start importing Assets/Texture/VeryHardButton.png using Guid(3f0a344fda46f4b9db2a0c7ab74d5c30) Importer(815301076,1909f56bfc062723c751e8b465ee728b)  -> (artifact id: '1756e3701605390df13434160fdccb95') in 0.011341 seconds 
========================================================================
Received Import Request.
  Time since last request: 0.000167 seconds.
  path: Assets/Texture/Board.png
  artifactKey: Guid(c932611776ecc425498df7f70b0988a3) Importer(815301076,1909f56bfc062723c751e8b465ee728b)
Start importing Assets/Texture/Board.png using Guid(c932611776ecc425498df7f70b0988a3) Importer(815301076,1909f56bfc062723c751e8b465ee728b)  -> (artifact id: '2937a97f99d0e67343397eaacf24b4e1') in 0.010218 seconds 
========================================================================
Received Import Request.
  Time since last request: 0.000142 seconds.
  path: Assets/Texture/OpenDataPrivacyPageButton.png
  artifactKey: Guid(1ec75543b4bbd4bfcaf7904fa57f2ba3) Importer(815301076,1909f56bfc062723c751e8b465ee728b)
Start importing Assets/Texture/OpenDataPrivacyPageButton.png using Guid(1ec75543b4bbd4bfcaf7904fa57f2ba3) Importer(815301076,1909f56bfc062723c751e8b465ee728b)  -> (artifact id: '830d7b82e424f29fbc5ed34aff91bc03') in 0.008701 seconds 
========================================================================
Received Import Request.
  Time since last request: 0.000150 seconds.
  path: Assets/Texture/Rectangle 2.png
  artifactKey: Guid(bc9d6a22c759e4a438854bdceaa3ed9e) Importer(815301076,1909f56bfc062723c751e8b465ee728b)
Start importing Assets/Texture/Rectangle 2.png using Guid(bc9d6a22c759e4a438854bdceaa3ed9e) Importer(815301076,1909f56bfc062723c751e8b465ee728b)  -> (artifact id: '8c0c2b6068bf82c43e74543c8a279dd0') in 0.008059 seconds 
========================================================================
Received Import Request.
  Time since last request: 0.000121 seconds.
  path: Assets/Texture/X_Off.png
  artifactKey: Guid(42fd62413d4854a56ace8e36e9349265) Importer(815301076,1909f56bfc062723c751e8b465ee728b)
Start importing Assets/Texture/X_Off.png using Guid(42fd62413d4854a56ace8e36e9349265) Importer(815301076,1909f56bfc062723c751e8b465ee728b)  -> (artifact id: 'db7e470f9a2a9e58c8e61699a554a3a9') in 0.011455 seconds 
========================================================================
Received Import Request.
  Time since last request: 0.000180 seconds.
  path: Assets/Texture/MovingSquare1.png
  artifactKey: Guid(7b830948a9dc04afe9b464e2f292d2f8) Importer(815301076,1909f56bfc062723c751e8b465ee728b)
Start importing Assets/Texture/MovingSquare1.png using Guid(7b830948a9dc04afe9b464e2f292d2f8) Importer(815301076,1909f56bfc062723c751e8b465ee728b)  -> (artifact id: '160c958e4ef2fe6a261e102fea2e81b7') in 0.015522 seconds 
========================================================================
Received Import Request.
  Time since last request: 0.000226 seconds.
  path: Assets/Texture/Game Background.png
  artifactKey: Guid(193e50acaca3c4a39b9d1d605900ea50) Importer(815301076,1909f56bfc062723c751e8b465ee728b)
Start importing Assets/Texture/Game Background.png using Guid(193e50acaca3c4a39b9d1d605900ea50) Importer(815301076,1909f56bfc062723c751e8b465ee728b)  -> (artifact id: 'd34aa70b76f20c75101d7094e500ef35') in 0.012651 seconds 
========================================================================
Received Prepare
Registering precompiled user dll's ...
Registered in 0.003426 seconds.
Begin MonoManager ReloadAssembly
Native extension for WindowsStandalone target not found
Native extension for WebGL target not found
Refreshing native plugins compatible for Editor in 0.74 ms, found 2 plugins.
Preloading 0 native plugins for Editor in 0.00 ms.
Mono: successfully reloaded assembly
- Completed reload, in  1.087 seconds
Domain Reload Profiling:
	ReloadAssembly (1087ms)
		BeginReloadAssembly (111ms)
			ExecutionOrderSort (0ms)
			DisableScriptedObjects (6ms)
			BackupInstance (0ms)
			ReleaseScriptingObjects (0ms)
			CreateAndSetChildDomain (34ms)
		EndReloadAssembly (920ms)
			LoadAssemblies (96ms)
			RebuildTransferFunctionScriptingTraits (0ms)
			SetupTypeCache (273ms)
			ReleaseScriptCaches (1ms)
			RebuildScriptCaches (45ms)
			SetupLoadedEditorAssemblies (387ms)
				LogAssemblyErrors (0ms)
				InitializePlatformSupportModulesInManaged (5ms)
				SetLoadedEditorAssemblies (0ms)
				RefreshPlugins (1ms)
				BeforeProcessingInitializeOnLoad (94ms)
				ProcessInitializeOnLoadAttributes (208ms)
				ProcessInitializeOnLoadMethodAttributes (72ms)
				AfterProcessingInitializeOnLoad (5ms)
				EditorAssembliesLoaded (0ms)
			ExecutionOrderSort2 (0ms)
			AwakeInstancesAfterBackupRestoration (2ms)
Platform modules already initialized, skipping
Switching build target platform(19) subTarget(0) extendedPlatform(0) -> platform(13) subTarget(589824) extendedPlatform(0)
Refreshing native plugins compatible for Editor in 0.71 ms, found 2 plugins.
Preloading 0 native plugins for Editor in 0.00 ms.
Unloading 2461 Unused Serialized files (Serialized files now loaded: 0)
System memory in use before: 98.8 MB.
System memory in use after: 99.0 MB.

Unloading 54 unused Assets to reduce memory usage. Loaded Objects now: 2989.
Total: 5.745800 ms (FindLiveObjects: 0.201600 ms CreateObjectMapping: 0.118800 ms MarkObjects: 5.393600 ms  DeleteObjects: 0.031100 ms)

AssetImportParameters requested are different than current active one (requested -> active):
  custom:framework-win-MediaFoundation: 216162199b28c13a410421893ffa2e32 -> 
  custom:video-decoder-ogg-theora: a1e56fd34408186e4bbccfd4996cb3dc -> 
  custom:container-muxer-webm: aa71ff27fc2769a1b78a27578f13a17b -> 
  custom:container-demuxer-webm: 4f35f7cbe854078d1ac9338744f61a02 -> 
  custom:container-demuxer-ogg: 62fdf1f143b41e24485cea50d1cbac27 -> 
  custom:video-encoder-webm-vp8: eb34c28f22e8b96e1ab97ce403110664 -> 
  custom:video-decoder-webm-vp8: 9c59270c3fd7afecdb556c50c9e8de78 -> 
  custom:graphics/normal-map-encoding: 01000000000000000000000000000000 -> 02000000000000000000000000000000
  custom:audio-decoder-ogg-vorbis: bf7c407c2cedff20999df2af8eb42d56 -> 
  custom:audio-encoder-webm-vorbis: bf7c407c2cedff20999df2af8eb42d56 -> 
